cr3: 2c6f0000, module loaded - dev/ashmem/dalvik-indirect ref table slots module_base 0xb49fc000 module_end 0xb49ff000, size 0x3000
cr3: 2c6f0000, module loaded - dev/ashmem/dalvik-indirect ref table module_base 0xb49f9000 module_end 0xb49fa000, size 0x1000
cr3: 2c6f0000, module loaded - dev/ashmem/dalvik-indirect ref table slots module_base 0xb49f6000 module_end 0xb49f9000, size 0x3000
cr3: 2c6f0000, module loaded - dev/ashmem/dalvik-indirect ref table module_base 0xb49f5000 module_end 0xb49f6000, size 0x1000
cr3: 2c6f0000, module loaded - dev/ashmem/dalvik-indirect ref table slots module_base 0xb49f2000 module_end 0xb49f5000, size 0x3000
cr3: 2c6f0000, module loaded - dev/ashmem/dalvik-indirect ref table module_base 0xb49f1000 module_end 0xb49f2000, size 0x1000
cr3: 2c6f0000, module loaded - dev/ashmem/dalvik-indirect ref table slots module_base 0xb49ee000 module_end 0xb49f1000, size 0x3000
cr3: 2c6f0000, module loaded - binder module_base 0xa7905000 module_end 0xa7925000, size 0x20000
cr3: 2c6f0000, module loaded - dev/ashmem/dalvik-indirect ref table module_base 0xb49eb000 module_end 0xb49ec000, size 0x1000
cr3: 2c6f0000, module loaded - dev/ashmem/dalvik-indirect ref table slots module_base 0xb49e8000 module_end 0xb49eb000, size 0x3000
cr3: 2c6f0000, module loaded - dev/ashmem/dalvik-indirect ref table module_base 0xb49e5000 module_end 0xb49e6000, size 0x1000
cr3: 2c6f0000, module loaded - dev/ashmem/dalvik-indirect ref table slots module_base 0xb49e2000 module_end 0xb49e5000, size 0x3000
cr3: 2c6f0000, module loaded - Contacts.apk module_base 0xb49bd000 module_end 0xb4c01000, size 0x244000
cr3: 2c6f0000, module loaded - dev/ashmem/dalvik-indirect ref table slots module_base 0xb49e2000 module_end 0xb49e5000, size 0x3000
cr3: 2c6f0000, module loaded - dev/ashmem/dalvik-indirect ref table module_base 0xb49e5000 module_end 0xb49e6000, size 0x1000
cr3: 2c6f0000, module loaded - dev/ashmem/dalvik-indirect ref table slots module_base 0xb49e8000 module_end 0xb49eb000, size 0x3000
cr3: 2c6f0000, module loaded - dev/ashmem/dalvik-indirect ref table module_base 0xb49eb000 module_end 0xb49ec000, size 0x1000
cr3: 2c6f0000, module loaded - dev/ashmem/dalvik-indirect ref table slots module_base 0xb49ee000 module_end 0xb49f1000, size 0x3000
cr3: 2c6f0000, module loaded - dev/ashmem/dalvik-indirect ref table module_base 0xb49f1000 module_end 0xb49f2000, size 0x1000
cr3: 2c6f0000, module loaded - dev/ashmem/dalvik-indirect ref table slots module_base 0xb49f2000 module_end 0xb49f5000, size 0x3000
cr3: 2c6f0000, module loaded - dev/ashmem/dalvik-indirect ref table module_base 0xb49f5000 module_end 0xb49f6000, size 0x1000
cr3: 2c6f0000, module loaded - dev/ashmem/dalvik-indirect ref table slots module_base 0xb49f6000 module_end 0xb49f9000, size 0x3000
cr3: 2c6f0000, module loaded - dev/ashmem/dalvik-indirect ref table module_base 0xb49f9000 module_end 0xb49fa000, size 0x1000
cr3: 2c6f0000, module loaded - dev/ashmem/dalvik-indirect ref table slots module_base 0xb49fc000 module_end 0xb49ff000, size 0x3000
cr3: 2c6f0000, module loaded - dev/ashmem/dalvik-indirect ref table module_base 0xb49ff000 module_end 0xb4a00000, size 0x1000
cr3: 2c6f0000, module loaded - dev/ashmem/dalvik-indirect ref table slots module_base 0xb4a00000 module_end 0xb4a03000, size 0x3000
cr3: 2c6f0000, module loaded - dev/ashmem/dalvik-indirect ref table module_base 0xb4a03000 module_end 0xb4a04000, size 0x1000
cr3: 2c6f0000, module loaded - dev/ashmem/dalvik-indirect ref table slots module_base 0xb4a0c000 module_end 0xb4a0f000, size 0x3000
cr3: 2c6f0000, module loaded - dev/ashmem/dalvik-indirect ref table module_base 0xb4a0f000 module_end 0xb4a10000, size 0x1000
cr3: 2c6f0000, module loaded - dev/ashmem/dalvik-indirect ref table slots module_base 0xb4a12000 module_end 0xb4a15000, size 0x3000
cr3: 2c6f0000, module loaded - dev/ashmem/dalvik-allocspace alloc space live-bitmap 4 module_base 0xb4a17000 module_end 0xb4b12000, size 0xfb000
cr3: 2c6f0000, module loaded - dev/ashmem/dalvik-allocspace zygote / non moving space mark-bitm module_base 0xb4b12000 module_end 0xb4c12000, size 0x100000
cr3: 2c6f0000, module loaded - Contacts.apk module_base 0xa73e1000 module_end 0xa7625000, size 0x244000
cr3: 2c6f0000, module loaded - Contacts.odex module_base 0xa73e0000 module_end 0xa73e1000, size 0x1000
cr3: 2c6f0000, module loaded - Contacts.odex module_base 0xa73df000 module_end 0xa73e0000, size 0x1000
cr3: 2c6f0000, module loaded - dev/ashmem/dalvik-ElfFile reservation for /system/priv-app/Conta module_base 0xa7064000 module_end 0xa73df000, size 0x37b000
cr3: 2c6f0000, module loaded - dev/ashmem/dalvik-ElfFile reservation for /system/priv-app/Conta module_base 0xa7255000 module_end 0xa75d0000, size 0x37b000
cr3: 2c6f0000, module loaded - Contacts.odex module_base 0xa73df000 module_end 0xa73e0000, size 0x1000
cr3: 2c6f0000, module loaded - Contacts.apk module_base 0xa73e1000 module_end 0xa7625000, size 0x244000
cr3: 2c6f0000, module loaded - Contacts.odex module_base 0xa7064000 module_end 0xa7065000, size 0x1000
cr3: 2c6f0000, module loaded - dev/ashmem/dalvik-ElfFile reservation for /system/priv-app/Conta module_base 0xa73de000 module_end 0xa7759000, size 0x37b000
cr3: 2c6f0000, module loaded - Contacts.odex module_base 0xa73df000 module_end 0xa73e0000, size 0x1000
cr3: 2c6f0000, module loaded - Contacts.apk module_base 0xa73e1000 module_end 0xa7625000, size 0x244000
cr3: 2c6f0000, module loaded - Contacts.odex module_base 0xa73df000 module_end 0xa775b000, size 0x37c000
cr3: 2c6f0000, module loaded - Contacts.apk module_base 0xa73e1000 module_end 0xa7625000, size 0x244000
cr3: 2c6f0000, module loaded - system@priv-app@Contacts@Contacts.apk@classes.dex module_base 0xb5202000 module_end 0xb557d000, size 0x37b000
cr3: 2c6f0000, module loaded - NotoSerif-Regular.ttf module_base 0xb5203000 module_end 0xb5240000, size 0x3d000
cr3: 2c6f0000, module loaded - system@framework@boot.oat module_base 0xb5240000 module_end 0xb8182000, size 0x2f42000
cr3: 2c6f0000, module loaded - system@framework@boot.art module_base 0xb5242000 module_end 0xb5d5a000, size 0xb18000
cr3: 2c6f0000, module loaded - libbacktrace_libc++.so module_base 0xb526f000 module_end 0xb5279000, size 0xa000
cr3: 2c6f0000, module loaded - dev/ashmem/dalvik-indirect ref table module_base 0xb5278000 module_end 0xb5279000, size 0x1000
cr3: 2c6f0000, module loaded - __properties__ module_base 0xb527a000 module_end 0xb529a000, size 0x20000
cr3: 2c6f0000, module loaded - libusbhost.so module_base 0xb529a000 module_end 0xb529e000, size 0x4000
cr3: 2c6f0000, module loaded - libssl.so module_base 0xb529e000 module_end 0xb52de000, size 0x40000
cr3: 2c6f0000, module loaded - libsqlite.so module_base 0xb52de000 module_end 0xb533e000, size 0x60000
cr3: 2c6f0000, module loaded - libsoundtrigger.so module_base 0xb533f000 module_end 0xb534e000, size 0xf000
cr3: 2c6f0000, module loaded - libselinux.so module_base 0xb534e000 module_end 0xb535c000, size 0xe000
cr3: 2c6f0000, module loaded - libprocessgroup.so module_base 0xb535c000 module_end 0xb5360000, size 0x4000
cr3: 2c6f0000, module loaded - libpdfium.so module_base 0xb5360000 module_end 0xb57a3000, size 0x443000
cr3: 2c6f0000, module loaded - libnetd_client.so module_base 0xb57a8000 module_end 0xb57ad000, size 0x5000
cr3: 2c6f0000, module loaded - libnativehelper.so module_base 0xb57ac000 module_end 0xb57b3000, size 0x7000
cr3: 2c6f0000, module loaded - libnativebridge.so module_base 0xb57b3000 module_end 0xb57b7000, size 0x4000
cr3: 2c6f0000, module loaded - libminikin.so module_base 0xb57b7000 module_end 0xb57c3000, size 0xc000
cr3: 2c6f0000, module loaded - libmemtrack.so module_base 0xb57c3000 module_end 0xb57c6000, size 0x3000
cr3: 2c6f0000, module loaded - libstagefright_foundation.so module_base 0xb57c6000 module_end 0xb57db000, size 0x15000
cr3: 2c6f0000, module loaded - libsonivox.so module_base 0xb57db000 module_end 0xb582c000, size 0x51000
cr3: 2c6f0000, module loaded - libcommon_time_client.so module_base 0xb5831000 module_end 0xb5840000, size 0xf000
cr3: 2c6f0000, module loaded - libnbaio.so module_base 0xb5840000 module_end 0xb584a000, size 0xa000
cr3: 2c6f0000, module loaded - libmedia.so module_base 0xb584a000 module_end 0xb58e5000, size 0x9b000
cr3: 2c6f0000, module loaded - libinputflinger.so module_base 0xb58e5000 module_end 0xb5921000, size 0x3c000
cr3: 2c6f0000, module loaded - libinput.so module_base 0xb5921000 module_end 0xb593c000, size 0x1b000
cr3: 2c6f0000, module loaded - libimg_utils.so module_base 0xb593c000 module_end 0xb594b000, size 0xf000
cr3: 2c6f0000, module loaded - libjpeg.so module_base 0xb594c000 module_end 0xb5978000, size 0x2c000
cr3: 2c6f0000, module loaded - libskia.so module_base 0xb5978000 module_end 0xb5b9b000, size 0x223000
cr3: 2c6f0000, module loaded - libRScpp.so module_base 0xb5ba0000 module_end 0xb5bbd000, size 0x1d000
cr3: 2c6f0000, module loaded - libpng.so module_base 0xb5bbd000 module_end 0xb5be5000, size 0x28000
cr3: 2c6f0000, module loaded - libft2.so module_base 0xb5be5000 module_end 0xb5c3f000, size 0x5a000
cr3: 2c6f0000, module loaded - libbcinfo.so module_base 0xb5c3f000 module_end 0xb5c8a000, size 0x4b000
cr3: 2c6f0000, module loaded - libbcc.so module_base 0xb5c8a000 module_end 0xb5cb0000, size 0x26000
cr3: 2c6f0000, module loaded - libc++.so module_base 0xb5cd0000 module_end 0xb5d65000, size 0x95000
cr3: 2c6f0000, module loaded - libLLVM.so module_base 0xb5d65000 module_end 0xb6693000, size 0x92e000
cr3: 2c6f0000, module loaded - libRS.so module_base 0xb669a000 module_end 0xb66d4000, size 0x3a000
cr3: 2c6f0000, module loaded - libhwui.so module_base 0xb66d4000 module_end 0xb6720000, size 0x4c000
cr3: 2c6f0000, module loaded - libicuuc.so module_base 0xb6720000 module_end 0xb6822000, size 0x102000
cr3: 2c6f0000, module loaded - libgabi++.so module_base 0xb6826000 module_end 0xb682c000, size 0x6000
cr3: 2c6f0000, module loaded - libicui18n.so module_base 0xb682c000 module_end 0xb6983000, size 0x157000
cr3: 2c6f0000, module loaded - libharfbuzz_ng.so module_base 0xb6983000 module_end 0xb69cb000, size 0x48000
cr3: 2c6f0000, module loaded - libnetutils.so module_base 0xb69cb000 module_end 0xb69d3000, size 0x8000
cr3: 2c6f0000, module loaded - libhardware_legacy.so module_base 0xb69d2000 module_end 0xb69da000, size 0x8000
cr3: 2c6f0000, module loaded - libexpat.so module_base 0xb69d9000 module_end 0xb69f0000, size 0x17000
cr3: 2c6f0000, module loaded - libcrypto.so module_base 0xb69f0000 module_end 0xb6af2000, size 0x102000
cr3: 2c6f0000, module loaded - libhardware.so module_base 0xb6af4000 module_end 0xb6af8000, size 0x4000
cr3: 2c6f0000, module loaded - libui.so module_base 0xb6af7000 module_end 0xb6b03000, size 0xc000
cr3: 2c6f0000, module loaded - libsync.so module_base 0xb6b03000 module_end 0xb6b06000, size 0x3000
cr3: 2c6f0000, module loaded - libgui.so module_base 0xb6b06000 module_end 0xb6b55000, size 0x4f000
cr3: 2c6f0000, module loaded - libcamera_metadata.so module_base 0xb6b55000 module_end 0xb6b5d000, size 0x8000
cr3: 2c6f0000, module loaded - libcamera_client.so module_base 0xb6b5d000 module_end 0xb6b97000, size 0x3a000
cr3: 2c6f0000, module loaded - libspeexresampler.so module_base 0xb6b97000 module_end 0xb6b9d000, size 0x6000
cr3: 2c6f0000, module loaded - libaudioutils.so module_base 0xb6b9d000 module_end 0xb6ba3000, size 0x6000
cr3: 2c6f0000, module loaded - libz.so module_base 0xb6ba3000 module_end 0xb6bbd000, size 0x1a000
cr3: 2c6f0000, module loaded - libbinder.so module_base 0xb6bbd000 module_end 0xb6bed000, size 0x30000
cr3: 2c6f0000, module loaded - libandroidfw.so module_base 0xb6bed000 module_end 0xb6c15000, size 0x28000
cr3: 2c6f0000, module loaded - libGLESv2.so module_base 0xb6c15000 module_end 0xb6c20000, size 0xb000
cr3: 2c6f0000, module loaded - libGLESv1_CM.so module_base 0xb6c20000 module_end 0xb6c27000, size 0x7000
cr3: 2c6f0000, module loaded - libETC1.so module_base 0xb6c27000 module_end 0xb6c2b000, size 0x4000
cr3: 2c6f0000, module loaded - libunwind-ptrace.so module_base 0xb6c2b000 module_end 0xb6c2f000, size 0x4000
cr3: 2c6f0000, module loaded - libunwind.so module_base 0xb6c2f000 module_end 0xb6c3d000, size 0xe000
cr3: 2c6f0000, module loaded - libgccdemangle.so module_base 0xb6c83000 module_end 0xb6c8b000, size 0x8000
cr3: 2c6f0000, module loaded - libbacktrace.so module_base 0xb6c8c000 module_end 0xb6c95000, size 0x9000
cr3: 2c6f0000, module loaded - libutils.so module_base 0xb6c95000 module_end 0xb6cad000, size 0x18000
cr3: 2c6f0000, module loaded - libstlport.so module_base 0xb6cad000 module_end 0xb6ce8000, size 0x3b000
cr3: 2c6f0000, module loaded - libcutils.so module_base 0xb6ce8000 module_end 0xb6cf6000, size 0xe000
cr3: 2c6f0000, module loaded - libGLES_trace.so module_base 0xb6cf6000 module_end 0xb6d67000, size 0x71000
cr3: 2c6f0000, module loaded - libEGL.so module_base 0xb6d66000 module_end 0xb6dd2000, size 0x6c000
cr3: 2c6f0000, module loaded - libandroid_runtime.so module_base 0xb6dd1000 module_end 0xb6ead000, size 0xdc000
cr3: 2c6f0000, module loaded - libstdc++.so module_base 0xb6ead000 module_end 0xb6eb1000, size 0x4000
cr3: 2c6f0000, module loaded - libm.so module_base 0xb6eb1000 module_end 0xb6ecb000, size 0x1a000
cr3: 2c6f0000, module loaded - liblog.so module_base 0xb6ecb000 module_end 0xb6ed2000, size 0x7000
cr3: 2c6f0000, module loaded - libc.so module_base 0xb6ed3000 module_end 0xb6f49000, size 0x76000
cr3: 2c6f0000, module loaded - libsigchain.so module_base 0xb6f49000 module_end 0xb6f4d000, size 0x4000
cr3: 2c6f0000, module loaded - linker module_base 0xb6f50000 module_end 0xb6f5f000, size 0xf000
cr3: 2c6f0000, module loaded - app_process32 module_base 0xb6f60000 module_end 0xb6f63000, size 0x3000
cr3: 2c6f0000, module loaded - system@priv-app@Contacts@Contacts.apk@classes.dex module_base 0xb5200000 module_end 0xb557b000, size 0x37b000
cr3: 2c6f0000, module loaded - NotoSerif-Regular.ttf module_base 0xb5203000 module_end 0xb5240000, size 0x3d000
cr3: 2c6f0000, module loaded - system@framework@boot.oat module_base 0xb5240000 module_end 0xb8182000, size 0x2f42000
cr3: 2c6f0000, module loaded - system@framework@boot.art module_base 0xb5242000 module_end 0xb5d5a000, size 0xb18000
cr3: 2c6f0000, module loaded - libbacktrace_libc++.so module_base 0xb526f000 module_end 0xb5279000, size 0xa000
cr3: 2c6f0000, module loaded - dev/ashmem/dalvik-indirect ref table module_base 0xb5278000 module_end 0xb5279000, size 0x1000
cr3: 2c6f0000, module loaded - __properties__ module_base 0xb527a000 module_end 0xb529a000, size 0x20000
cr3: 2c6f0000, module loaded - libusbhost.so module_base 0xb529a000 module_end 0xb529e000, size 0x4000
cr3: 2c6f0000, module loaded - libssl.so module_base 0xb529e000 module_end 0xb52de000, size 0x40000
cr3: 2c6f0000, module loaded - libsqlite.so module_base 0xb52de000 module_end 0xb533e000, size 0x60000
cr3: 2c6f0000, module loaded - libsoundtrigger.so module_base 0xb533f000 module_end 0xb534e000, size 0xf000
cr3: 2c6f0000, module loaded - libselinux.so module_base 0xb534e000 module_end 0xb535c000, size 0xe000
cr3: 2c6f0000, module loaded - libprocessgroup.so module_base 0xb535c000 module_end 0xb5360000, size 0x4000
cr3: 2c6f0000, module loaded - libpdfium.so module_base 0xb5360000 module_end 0xb57a3000, size 0x443000
cr3: 2c6f0000, module loaded - libnetd_client.so module_base 0xb57a8000 module_end 0xb57ad000, size 0x5000
cr3: 2c6f0000, module loaded - libnativehelper.so module_base 0xb57ac000 module_end 0xb57b3000, size 0x7000
cr3: 2c6f0000, module loaded - libnativebridge.so module_base 0xb57b3000 module_end 0xb57b7000, size 0x4000
cr3: 2c6f0000, module loaded - libminikin.so module_base 0xb57b7000 module_end 0xb57c3000, size 0xc000
cr3: 2c6f0000, module loaded - libmemtrack.so module_base 0xb57c3000 module_end 0xb57c6000, size 0x3000
cr3: 2c6f0000, module loaded - libstagefright_foundation.so module_base 0xb57c6000 module_end 0xb57db000, size 0x15000
cr3: 2c6f0000, module loaded - libsonivox.so module_base 0xb57db000 module_end 0xb582c000, size 0x51000
cr3: 2c6f0000, module loaded - libcommon_time_client.so module_base 0xb5831000 module_end 0xb5840000, size 0xf000
cr3: 2c6f0000, module loaded - libnbaio.so module_base 0xb5840000 module_end 0xb584a000, size 0xa000
cr3: 2c6f0000, module loaded - libmedia.so module_base 0xb584a000 module_end 0xb58e5000, size 0x9b000
cr3: 2c6f0000, module loaded - libinputflinger.so module_base 0xb58e5000 module_end 0xb5921000, size 0x3c000
cr3: 2c6f0000, module loaded - libinput.so module_base 0xb5921000 module_end 0xb593c000, size 0x1b000
cr3: 2c6f0000, module loaded - libimg_utils.so module_base 0xb593c000 module_end 0xb594b000, size 0xf000
cr3: 2c6f0000, module loaded - libjpeg.so module_base 0xb594c000 module_end 0xb5978000, size 0x2c000
cr3: 2c6f0000, module loaded - libskia.so module_base 0xb5978000 module_end 0xb5b9b000, size 0x223000
cr3: 2c6f0000, module loaded - libRScpp.so module_base 0xb5ba0000 module_end 0xb5bbd000, size 0x1d000
cr3: 2c6f0000, module loaded - libpng.so module_base 0xb5bbd000 module_end 0xb5be5000, size 0x28000
cr3: 2c6f0000, module loaded - libft2.so module_base 0xb5be5000 module_end 0xb5c3f000, size 0x5a000
cr3: 2c6f0000, module loaded - libbcinfo.so module_base 0xb5c3f000 module_end 0xb5c8a000, size 0x4b000
cr3: 2c6f0000, module loaded - libbcc.so module_base 0xb5c8a000 module_end 0xb5cb0000, size 0x26000
cr3: 2c6f0000, module loaded - libc++.so module_base 0xb5cd0000 module_end 0xb5d65000, size 0x95000
cr3: 2c6f0000, module loaded - libLLVM.so module_base 0xb5d65000 module_end 0xb6693000, size 0x92e000
cr3: 2c6f0000, module loaded - libRS.so module_base 0xb669a000 module_end 0xb66d4000, size 0x3a000
cr3: 2c6f0000, module loaded - libhwui.so module_base 0xb66d4000 module_end 0xb6720000, size 0x4c000
cr3: 2c6f0000, module loaded - libicuuc.so module_base 0xb6720000 module_end 0xb6822000, size 0x102000
cr3: 2c6f0000, module loaded - libgabi++.so module_base 0xb6826000 module_end 0xb682c000, size 0x6000
cr3: 2c6f0000, module loaded - libicui18n.so module_base 0xb682c000 module_end 0xb6983000, size 0x157000
cr3: 2c6f0000, module loaded - libharfbuzz_ng.so module_base 0xb6983000 module_end 0xb69cb000, size 0x48000
cr3: 2c6f0000, module loaded - libnetutils.so module_base 0xb69cb000 module_end 0xb69d3000, size 0x8000
cr3: 2c6f0000, module loaded - libhardware_legacy.so module_base 0xb69d2000 module_end 0xb69da000, size 0x8000
cr3: 2c6f0000, module loaded - libexpat.so module_base 0xb69d9000 module_end 0xb69f0000, size 0x17000
cr3: 2c6f0000, module loaded - libcrypto.so module_base 0xb69f0000 module_end 0xb6af2000, size 0x102000
cr3: 2c6f0000, module loaded - libhardware.so module_base 0xb6af4000 module_end 0xb6af8000, size 0x4000
cr3: 2c6f0000, module loaded - libui.so module_base 0xb6af7000 module_end 0xb6b03000, size 0xc000
cr3: 2c6f0000, module loaded - libsync.so module_base 0xb6b03000 module_end 0xb6b06000, size 0x3000
cr3: 2c6f0000, module loaded - libgui.so module_base 0xb6b06000 module_end 0xb6b55000, size 0x4f000
cr3: 2c6f0000, module loaded - libcamera_metadata.so module_base 0xb6b55000 module_end 0xb6b5d000, size 0x8000
cr3: 2c6f0000, module loaded - libcamera_client.so module_base 0xb6b5d000 module_end 0xb6b97000, size 0x3a000
cr3: 2c6f0000, module loaded - libspeexresampler.so module_base 0xb6b97000 module_end 0xb6b9d000, size 0x6000
cr3: 2c6f0000, module loaded - libaudioutils.so module_base 0xb6b9d000 module_end 0xb6ba3000, size 0x6000
cr3: 2c6f0000, module loaded - libz.so module_base 0xb6ba3000 module_end 0xb6bbd000, size 0x1a000
cr3: 2c6f0000, module loaded - libbinder.so module_base 0xb6bbd000 module_end 0xb6bed000, size 0x30000
cr3: 2c6f0000, module loaded - libandroidfw.so module_base 0xb6bed000 module_end 0xb6c15000, size 0x28000
cr3: 2c6f0000, module loaded - libGLESv2.so module_base 0xb6c15000 module_end 0xb6c20000, size 0xb000
cr3: 2c6f0000, module loaded - libGLESv1_CM.so module_base 0xb6c20000 module_end 0xb6c27000, size 0x7000
cr3: 2c6f0000, module loaded - libETC1.so module_base 0xb6c27000 module_end 0xb6c2b000, size 0x4000
cr3: 2c6f0000, module loaded - libunwind-ptrace.so module_base 0xb6c2b000 module_end 0xb6c2f000, size 0x4000
cr3: 2c6f0000, module loaded - libunwind.so module_base 0xb6c2f000 module_end 0xb6c3d000, size 0xe000
cr3: 2c6f0000, module loaded - libgccdemangle.so module_base 0xb6c83000 module_end 0xb6c8b000, size 0x8000
cr3: 2c6f0000, module loaded - libbacktrace.so module_base 0xb6c8c000 module_end 0xb6c95000, size 0x9000
cr3: 2c6f0000, module loaded - libutils.so module_base 0xb6c95000 module_end 0xb6cad000, size 0x18000
cr3: 2c6f0000, module loaded - libstlport.so module_base 0xb6cad000 module_end 0xb6ce8000, size 0x3b000
cr3: 2c6f0000, module loaded - libcutils.so module_base 0xb6ce8000 module_end 0xb6cf6000, size 0xe000
cr3: 2c6f0000, module loaded - libGLES_trace.so module_base 0xb6cf6000 module_end 0xb6d67000, size 0x71000
cr3: 2c6f0000, module loaded - libEGL.so module_base 0xb6d66000 module_end 0xb6dd2000, size 0x6c000
cr3: 2c6f0000, module loaded - libandroid_runtime.so module_base 0xb6dd1000 module_end 0xb6ead000, size 0xdc000
cr3: 2c6f0000, module loaded - libstdc++.so module_base 0xb6ead000 module_end 0xb6eb1000, size 0x4000
cr3: 2c6f0000, module loaded - libm.so module_base 0xb6eb1000 module_end 0xb6ecb000, size 0x1a000
cr3: 2c6f0000, module loaded - liblog.so module_base 0xb6ecb000 module_end 0xb6ed2000, size 0x7000
cr3: 2c6f0000, module loaded - libc.so module_base 0xb6ed3000 module_end 0xb6f49000, size 0x76000
cr3: 2c6f0000, module loaded - libsigchain.so module_base 0xb6f49000 module_end 0xb6f4d000, size 0x4000
cr3: 2c6f0000, module loaded - linker module_base 0xb6f50000 module_end 0xb6f5f000, size 0xf000
cr3: 2c6f0000, module loaded - app_process32 module_base 0xb6f60000 module_end 0xb6f63000, size 0x3000
cr3: 2c6f0000, module loaded - dev/ashmem/dalvik-ElfFile reservation for /data/dalvik-cache/armon for /data/dalvik-cache/arm/system@priv-app@Contacts@Contacts module_base 0xa7066000 module_end 0xa73e1000, size 0x37b000
cr3: 2c6f0000, module loaded - dev/ashmem/dalvik-ElfFile reservation for /data/dalvik-cache/armon for /data/dalvik-cache/arm/system@priv-app@Contacts@Contacts module_base 0xa7257000 module_end 0xa75d2000, size 0x37b000
cr3: 2c6f0000, module loaded - Contacts.apk module_base 0xa73e1000 module_end 0xa7625000, size 0x244000
cr3: 2c6f0000, module loaded - system@priv-app@Contacts@Contacts.apk@classes.dex module_base 0xa7066000 module_end 0xa73e1000, size 0x37b000
cr3: 2c6f0000, module loaded - dev/ashmem/dalvik-ElfFile reservation for /data/dalvik-cache/armon for /data/dalvik-cache/arm/system@priv-app@Contacts@Contacts module_base 0xa7257000 module_end 0xa75d2000, size 0x37b000
cr3: 2c6f0000, module loaded - Contacts.apk module_base 0xa73e1000 module_end 0xa7625000, size 0x244000
cr3: 2c6f0000, module loaded - dev/ashmem/dalvik-ElfFile reservation for /data/dalvik-cache/armon for /data/dalvik-cache/arm/system@priv-app@Contacts@Contacts module_base 0xa73e0000 module_end 0xa775b000, size 0x37b000
cr3: 2c6f0000, module loaded - Contacts.apk module_base 0xa73e1000 module_end 0xa7625000, size 0x244000
cr3: 2c6f0000, module loaded - dev/ashmem/dalvik-indirect ref table module_base 0xb49ba000 module_end 0xb49bb000, size 0x1000
cr3: 2c6f0000, module loaded - dev/ashmem/dalvik-indirect ref table slots module_base 0xb49b7000 module_end 0xb49ba000, size 0x3000
cr3: 2c6f0000, module loaded - dev/ashmem/dalvik-indirect ref table module_base 0xb49b4000 module_end 0xb49b5000, size 0x1000
cr3: 2c6f0000, module loaded - dev/ashmem/dalvik-indirect ref table slots module_base 0xb49b1000 module_end 0xb49b4000, size 0x3000
cr3: 2c6f0000, module loaded - Contacts.apk module_base 0xb49b5000 module_end 0xb4bf9000, size 0x244000
cr3: 2c6f0000, module loaded - dev/ashmem/dalvik-indirect ref table slots module_base 0xb49b7000 module_end 0xb49ba000, size 0x3000
cr3: 2c6f0000, module loaded - dev/ashmem/dalvik-indirect ref table module_base 0xb49ba000 module_end 0xb49bb000, size 0x1000
cr3: 2c6f0000, module loaded - Contacts.apk module_base 0xb49bd000 module_end 0xb4c01000, size 0x244000
cr3: 2c6f0000, module loaded - dev/ashmem/dalvik-indirect ref table slots module_base 0xb49e2000 module_end 0xb49e5000, size 0x3000
cr3: 2c6f0000, module loaded - dev/ashmem/dalvik-indirect ref table module_base 0xb49e5000 module_end 0xb49e6000, size 0x1000
cr3: 2c6f0000, module loaded - dev/ashmem/dalvik-indirect ref table slots module_base 0xb49e8000 module_end 0xb49eb000, size 0x3000
cr3: 2c6f0000, module loaded - dev/ashmem/dalvik-indirect ref table module_base 0xb49eb000 module_end 0xb49ec000, size 0x1000
cr3: 2c6f0000, module loaded - dev/ashmem/dalvik-indirect ref table slots module_base 0xb49ee000 module_end 0xb49f1000, size 0x3000
cr3: 2c6f0000, module loaded - dev/ashmem/dalvik-indirect ref table module_base 0xb49f1000 module_end 0xb49f2000, size 0x1000
cr3: 2c6f0000, module loaded - dev/ashmem/dalvik-indirect ref table slots module_base 0xb49f2000 module_end 0xb49f5000, size 0x3000
cr3: 2c6f0000, module loaded - dev/ashmem/dalvik-indirect ref table module_base 0xb49f5000 module_end 0xb49f6000, size 0x1000
cr3: 2c6f0000, module loaded - dev/ashmem/dalvik-indirect ref table slots module_base 0xb49f6000 module_end 0xb49f9000, size 0x3000
cr3: 2c6f0000, module loaded - dev/ashmem/dalvik-indirect ref table module_base 0xb49f9000 module_end 0xb49fa000, size 0x1000
cr3: 2c6f0000, module loaded - dev/ashmem/dalvik-indirect ref table slots module_base 0xb49fc000 module_end 0xb49ff000, size 0x3000
cr3: 2c6f0000, module loaded - dev/ashmem/dalvik-indirect ref table module_base 0xb49ff000 module_end 0xb4a00000, size 0x1000
cr3: 2c6f0000, module loaded - dev/ashmem/dalvik-indirect ref table slots module_base 0xb4a00000 module_end 0xb4a03000, size 0x3000
cr3: 2c6f0000, module loaded - dev/ashmem/dalvik-indirect ref table module_base 0xb4a03000 module_end 0xb4a04000, size 0x1000
cr3: 2c6f0000, module loaded - dev/ashmem/dalvik-indirect ref table slots module_base 0xb4a0c000 module_end 0xb4a0f000, size 0x3000
cr3: 2c6f0000, module loaded - dev/ashmem/dalvik-indirect ref table module_base 0xb4a0f000 module_end 0xb4a10000, size 0x1000
cr3: 2c6f0000, module loaded - dev/ashmem/dalvik-indirect ref table slots module_base 0xb4a12000 module_end 0xb4a15000, size 0x3000
cr3: 2c6f0000, module loaded - dev/ashmem/dalvik-allocspace alloc space live-bitmap 4 module_base 0xb4a17000 module_end 0xb4b12000, size 0xfb000
cr3: 2c6f0000, module loaded - dev/ashmem/dalvik-allocspace zygote / non moving space mark-bitm module_base 0xb4b12000 module_end 0xb4c12000, size 0x100000
cr3: 2c6f0000, module loaded - dev/ashmem/dalvik-large object space allocation module_base 0xb49b1000 module_end 0xb49b5000, size 0x4000
cr3: 2c6f0000, module loaded - Contacts.apk module_base 0xb49b6000 module_end 0xb4bfa000, size 0x244000
cr3: 2c6f0000, module loaded - dev/ashmem/dalvik-indirect ref table slots module_base 0xb49b7000 module_end 0xb49ba000, size 0x3000
cr3: 2c6f0000, module loaded - dev/ashmem/dalvik-indirect ref table module_base 0xb49ba000 module_end 0xb49bb000, size 0x1000
cr3: 2c6f0000, module loaded - Contacts.apk module_base 0xb49bd000 module_end 0xb4c01000, size 0x244000
cr3: 2c6f0000, module loaded - dev/ashmem/dalvik-indirect ref table slots module_base 0xb49e2000 module_end 0xb49e5000, size 0x3000
cr3: 2c6f0000, module loaded - dev/ashmem/dalvik-indirect ref table module_base 0xb49e5000 module_end 0xb49e6000, size 0x1000
cr3: 2c6f0000, module loaded - dev/ashmem/dalvik-indirect ref table slots module_base 0xb49e8000 module_end 0xb49eb000, size 0x3000
cr3: 2c6f0000, module loaded - dev/ashmem/dalvik-indirect ref table module_base 0xb49eb000 module_end 0xb49ec000, size 0x1000
cr3: 2c6f0000, module loaded - dev/ashmem/dalvik-indirect ref table slots module_base 0xb49ee000 module_end 0xb49f1000, size 0x3000
cr3: 2c6f0000, module loaded - dev/ashmem/dalvik-indirect ref table module_base 0xb49f1000 module_end 0xb49f2000, size 0x1000
cr3: 2c6f0000, module loaded - dev/ashmem/dalvik-indirect ref table slots module_base 0xb49f2000 module_end 0xb49f5000, size 0x3000
cr3: 2c6f0000, module loaded - dev/ashmem/dalvik-indirect ref table module_base 0xb49f5000 module_end 0xb49f6000, size 0x1000
cr3: 2c6f0000, module loaded - dev/ashmem/dalvik-indirect ref table slots module_base 0xb49f6000 module_end 0xb49f9000, size 0x3000
cr3: 2c6f0000, module loaded - dev/ashmem/dalvik-indirect ref table module_base 0xb49f9000 module_end 0xb49fa000, size 0x1000
cr3: 2c6f0000, module loaded - dev/ashmem/dalvik-indirect ref table slots module_base 0xb49fc000 module_end 0xb49ff000, size 0x3000
cr3: 2c6f0000, module loaded - dev/ashmem/dalvik-indirect ref table module_base 0xb49ff000 module_end 0xb4a00000, size 0x1000
cr3: 2c6f0000, module loaded - dev/ashmem/dalvik-indirect ref table slots module_base 0xb4a00000 module_end 0xb4a03000, size 0x3000
cr3: 2c6f0000, module loaded - dev/ashmem/dalvik-indirect ref table module_base 0xb4a03000 module_end 0xb4a04000, size 0x1000
cr3: 2c6f0000, module loaded - dev/ashmem/dalvik-indirect ref table slots module_base 0xb4a0c000 module_end 0xb4a0f000, size 0x3000
cr3: 2c6f0000, module loaded - dev/ashmem/dalvik-indirect ref table module_base 0xb4a0f000 module_end 0xb4a10000, size 0x1000
cr3: 2c6f0000, module loaded - dev/ashmem/dalvik-indirect ref table slots module_base 0xb4a12000 module_end 0xb4a15000, size 0x3000
cr3: 2c6f0000, module loaded - dev/ashmem/dalvik-allocspace alloc space live-bitmap 4 module_base 0xb4a17000 module_end 0xb4b12000, size 0xfb000
cr3: 2c6f0000, module loaded - dev/ashmem/dalvik-allocspace zygote / non moving space mark-bitm module_base 0xb4b12000 module_end 0xb4c12000, size 0x100000
cr3: 2c6f0000, module loaded - dev/ashmem/dalvik-indirect ref table module_base 0xb5202000 module_end 0xb5203000, size 0x1000
cr3: 2c6f0000, module loaded - dev/ashmem/dalvik-indirect ref table slots module_base 0xb49ae000 module_end 0xb49b1000, size 0x3000
cr3: 2c6f0000, module loaded - dev/ashmem/dalvik-indirect ref table module_base 0xb49ab000 module_end 0xb49ac000, size 0x1000
cr3: 2c6f0000, module loaded - dev/ashmem/dalvik-indirect ref table slots module_base 0xb49a8000 module_end 0xb49ab000, size 0x3000
cr3: 2c6f0000, module loaded - dev/ashmem/dalvik-large object space allocation module_base 0xb49a3000 module_end 0xb49a8000, size 0x5000
cr3: 2c6f0000, module loaded - dev/ashmem/dalvik-large object space allocation module_base 0xb499e000 module_end 0xb49a3000, size 0x5000
cr3: 2c6f0000, module loaded - Contacts.apk module_base 0xb49ad000 module_end 0xb4bf1000, size 0x244000
cr3: 2c6f0000, module loaded - dev/ashmem/dalvik-indirect ref table slots module_base 0xb49ae000 module_end 0xb49b1000, size 0x3000
cr3: 2c6f0000, module loaded - dev/ashmem/dalvik-large object space allocation module_base 0xb49b1000 module_end 0xb49b5000, size 0x4000
cr3: 2c6f0000, module loaded - dev/ashmem/dalvik-indirect ref table slots module_base 0xb49b7000 module_end 0xb49ba000, size 0x3000
cr3: 2c6f0000, module loaded - dev/ashmem/dalvik-indirect ref table module_base 0xb49ba000 module_end 0xb49bb000, size 0x1000
cr3: 2c6f0000, module loaded - Contacts.apk module_base 0xb49bd000 module_end 0xb4c01000, size 0x244000
cr3: 2c6f0000, module loaded - dev/ashmem/dalvik-indirect ref table slots module_base 0xb49e2000 module_end 0xb49e5000, size 0x3000
cr3: 2c6f0000, module loaded - dev/ashmem/dalvik-indirect ref table module_base 0xb49e5000 module_end 0xb49e6000, size 0x1000
cr3: 2c6f0000, module loaded - dev/ashmem/dalvik-indirect ref table slots module_base 0xb49e8000 module_end 0xb49eb000, size 0x3000
cr3: 2c6f0000, module loaded - dev/ashmem/dalvik-indirect ref table module_base 0xb49eb000 module_end 0xb49ec000, size 0x1000
cr3: 2c6f0000, module loaded - dev/ashmem/dalvik-indirect ref table slots module_base 0xb49ee000 module_end 0xb49f1000, size 0x3000
cr3: 2c6f0000, module loaded - dev/ashmem/dalvik-indirect ref table module_base 0xb49f1000 module_end 0xb49f2000, size 0x1000
cr3: 2c6f0000, module loaded - dev/ashmem/dalvik-indirect ref table slots module_base 0xb49f2000 module_end 0xb49f5000, size 0x3000
cr3: 2c6f0000, module loaded - dev/ashmem/dalvik-indirect ref table module_base 0xb49f5000 module_end 0xb49f6000, size 0x1000
cr3: 2c6f0000, module loaded - dev/ashmem/dalvik-indirect ref table slots module_base 0xb49f6000 module_end 0xb49f9000, size 0x3000
cr3: 2c6f0000, module loaded - dev/ashmem/dalvik-indirect ref table module_base 0xb49f9000 module_end 0xb49fa000, size 0x1000
cr3: 2c6f0000, module loaded - dev/ashmem/dalvik-indirect ref table slots module_base 0xb49fc000 module_end 0xb49ff000, size 0x3000
cr3: 2c6f0000, module loaded - dev/ashmem/dalvik-indirect ref table module_base 0xb49ff000 module_end 0xb4a00000, size 0x1000
cr3: 2c6f0000, module loaded - dev/ashmem/dalvik-indirect ref table slots module_base 0xb4a00000 module_end 0xb4a03000, size 0x3000
cr3: 2c6f0000, module loaded - dev/ashmem/dalvik-indirect ref table module_base 0xb4a03000 module_end 0xb4a04000, size 0x1000
cr3: 2c6f0000, module loaded - dev/ashmem/dalvik-indirect ref table slots module_base 0xb4a0c000 module_end 0xb4a0f000, size 0x3000
cr3: 2c6f0000, module loaded - dev/ashmem/dalvik-indirect ref table module_base 0xb4a0f000 module_end 0xb4a10000, size 0x1000
cr3: 2c6f0000, module loaded - dev/ashmem/dalvik-indirect ref table slots module_base 0xb4a12000 module_end 0xb4a15000, size 0x3000
cr3: 2c6f0000, module loaded - dev/ashmem/dalvik-allocspace alloc space live-bitmap 4 module_base 0xb4a17000 module_end 0xb4b12000, size 0xfb000
cr3: 2c6f0000, module loaded - dev/ashmem/dalvik-allocspace zygote / non moving space mark-bitm module_base 0xb4b12000 module_end 0xb4c12000, size 0x100000
cr3: 2c6f0000, module loaded - dev/ashmem/dalvik-indirect ref table module_base 0xb49ab000 module_end 0xb49ac000, size 0x1000
cr3: 2c6f0000, module loaded - dev/ashmem/dalvik-indirect ref table slots module_base 0xb49a8000 module_end 0xb49ab000, size 0x3000
cr3: 2c6f0000, module loaded - dev/ashmem/CursorWindow: /data/user/0/com.android.providers.cont/0/com.android.providers.contacts/databases/contacts2.db module_base 0xa6b5a000 module_end 0xa6d5a000, size 0x200000
cr3: 2c6f0000, module loaded - dev/ashmem/CursorWindow: /data/user/0/com.android.providers.cont module_base 0xa6800000 module_end 0xa6a00000, size 0x200000
cr3: 2c6f0000, module loaded - dev/ashmem/CursorWindow: /data/user/0/com.android.providers.cont/0/com.android.providers.contacts/databases/contacts2.db module_base 0xa6800000 module_end 0xa6a00000, size 0x200000
cr3: 2c6f0000, module loaded - dev/ashmem/dalvik-indirect ref table module_base 0xb49a5000 module_end 0xb49a6000, size 0x1000
cr3: 2c6f0000, module loaded - dev/ashmem/dalvik-indirect ref table slots module_base 0xb49a2000 module_end 0xb49a5000, size 0x3000
cr3: 2c6f0000, module loaded - gralloc.goldfish.so module_base 0xb49a1000 module_end 0xb49a7000, size 0x6000
cr3: 2c6f0000, module loaded - dev/ashmem/dalvik-indirect ref table slots module_base 0xb49a2000 module_end 0xb49a5000, size 0x3000
cr3: 2c6f0000, module loaded - dev/ashmem/dalvik-indirect ref table module_base 0xb49a5000 module_end 0xb49a6000, size 0x1000
cr3: 2c6f0000, module loaded - gralloc.goldfish.so module_base 0xb499c000 module_end 0xb49a2000, size 0x6000
cr3: 2c6f0000, module loaded - libGLESv1_enc.so module_base 0xb499a000 module_end 0xb49bc000, size 0x22000
cr3: 2c6f0000, module loaded - gralloc.goldfish.so module_base 0xb499c000 module_end 0xb49a2000, size 0x6000
cr3: 2c6f0000, module loaded - dev/ashmem/dalvik-indirect ref table slots module_base 0xb49a2000 module_end 0xb49a5000, size 0x3000
cr3: 2c6f0000, module loaded - dev/ashmem/dalvik-indirect ref table module_base 0xb49a5000 module_end 0xb49a6000, size 0x1000
cr3: 2c6f0000, module loaded - dev/ashmem/dalvik-indirect ref table slots module_base 0xb49a8000 module_end 0xb49ab000, size 0x3000
cr3: 2c6f0000, module loaded - dev/ashmem/dalvik-indirect ref table module_base 0xb49ab000 module_end 0xb49ac000, size 0x1000
cr3: 2c6f0000, module loaded - dev/ashmem/dalvik-indirect ref table slots module_base 0xb49ae000 module_end 0xb49b1000, size 0x3000
cr3: 2c6f0000, module loaded - dev/ashmem/dalvik-large object space allocation module_base 0xb49b1000 module_end 0xb49b5000, size 0x4000
cr3: 2c6f0000, module loaded - dev/ashmem/dalvik-indirect ref table slots module_base 0xb49b7000 module_end 0xb49ba000, size 0x3000
cr3: 2c6f0000, module loaded - dev/ashmem/dalvik-indirect ref table module_base 0xb49ba000 module_end 0xb49bb000, size 0x1000
cr3: 2c6f0000, module loaded - libGLESv1_enc.so module_base 0xb1be7000 module_end 0xb1c09000, size 0x22000
cr3: 2c6f0000, module loaded - dev/ashmem/dalvik-allocspace alloc space mark-bitmap 4 module_base 0xb1c08000 module_end 0xb1d03000, size 0xfb000
cr3: 2c6f0000, module loaded - libGLESv2_enc.so module_base 0xb499a000 module_end 0xb49b5000, size 0x1b000
cr3: 2c6f0000, module loaded - gralloc.goldfish.so module_base 0xb499c000 module_end 0xb49a2000, size 0x6000
cr3: 2c6f0000, module loaded - dev/ashmem/dalvik-indirect ref table slots module_base 0xb49a2000 module_end 0xb49a5000, size 0x3000
cr3: 2c6f0000, module loaded - dev/ashmem/dalvik-indirect ref table module_base 0xb49a5000 module_end 0xb49a6000, size 0x1000
cr3: 2c6f0000, module loaded - dev/ashmem/dalvik-indirect ref table slots module_base 0xb49a8000 module_end 0xb49ab000, size 0x3000
cr3: 2c6f0000, module loaded - dev/ashmem/dalvik-indirect ref table module_base 0xb49ab000 module_end 0xb49ac000, size 0x1000
cr3: 2c6f0000, module loaded - dev/ashmem/dalvik-indirect ref table slots module_base 0xb49ae000 module_end 0xb49b1000, size 0x3000
cr3: 2c6f0000, module loaded - dev/ashmem/dalvik-large object space allocation module_base 0xb49b1000 module_end 0xb49b5000, size 0x4000
cr3: 2c6f0000, module loaded - libGLESv2_enc.so module_base 0xb1bcc000 module_end 0xb1be7000, size 0x1b000
cr3: 2c6f0000, module loaded - libOpenglSystemCommon.so module_base 0xb499a000 module_end 0xb499e000, size 0x4000
cr3: 2c6f0000, module loaded - gralloc.goldfish.so module_base 0xb499c000 module_end 0xb49a2000, size 0x6000
cr3: 2c6f0000, module loaded - libOpenglSystemCommon.so module_base 0xb4996000 module_end 0xb499a000, size 0x4000
cr3: 2c6f0000, module loaded - lib_renderControl_enc.so module_base 0xb4995000 module_end 0xb499b000, size 0x6000
cr3: 2c6f0000, module loaded - libOpenglSystemCommon.so module_base 0xb4996000 module_end 0xb499b000, size 0x5000
cr3: 2c6f0000, module loaded - lib_renderControl_enc.so module_base 0xb498f000 module_end 0xb4995000, size 0x6000
cr3: 2c6f0000, module loaded - gralloc.default.so module_base 0xb49a1000 module_end 0xb49a6000, size 0x5000
cr3: 2c6f0000, module loaded - dev/ashmem/dalvik-indirect ref table slots module_base 0xb49a2000 module_end 0xb49a5000, size 0x3000
cr3: 2c6f0000, module loaded - dev/ashmem/dalvik-indirect ref table module_base 0xb49a5000 module_end 0xb49a6000, size 0x1000
cr3: 2c6f0000, module loaded - gralloc.default.so module_base 0xb1bc8000 module_end 0xb1bcd000, size 0x5000
cr3: 2c6f0000, module loaded - libGLESv2_enc.so module_base 0xb1bcc000 module_end 0xb1be7000, size 0x1b000
cr3: 2c6f0000, module loaded - dev/ashmem/gralloc-buffer module_base 0xa6666000 module_end 0xa66fc000, size 0x96000
cr3: 2c6f0000, module loaded - Contacts.apk module_base 0xb49a1000 module_end 0xb4be5000, size 0x244000
cr3: 2c6f0000, module loaded - dev/ashmem/dalvik-indirect ref table slots module_base 0xb49a2000 module_end 0xb49a5000, size 0x3000
cr3: 2c6f0000, module loaded - dev/ashmem/dalvik-indirect ref table module_base 0xb49a5000 module_end 0xb49a6000, size 0x1000
cr3: 2c6f0000, module loaded - dev/ashmem/dalvik-indirect ref table slots module_base 0xb49a8000 module_end 0xb49ab000, size 0x3000
cr3: 2c6f0000, module loaded - dev/ashmem/dalvik-indirect ref table module_base 0xb49ab000 module_end 0xb49ac000, size 0x1000
cr3: 2c6f0000, module loaded - dev/ashmem/dalvik-indirect ref table slots module_base 0xb49ae000 module_end 0xb49b1000, size 0x3000
cr3: 2c6f0000, module loaded - dev/ashmem/dalvik-large object space allocation module_base 0xb49b1000 module_end 0xb49b5000, size 0x4000
cr3: 2c6f0000, module loaded - dev/ashmem/dalvik-indirect ref table slots module_base 0xb49b7000 module_end 0xb49ba000, size 0x3000
cr3: 2c6f0000, module loaded - dev/ashmem/dalvik-indirect ref table module_base 0xb49ba000 module_end 0xb49bb000, size 0x1000
cr3: 2c6f0000, module loaded - Contacts.apk module_base 0xb49bd000 module_end 0xb4c01000, size 0x244000
cr3: 2c6f0000, module loaded - dev/ashmem/dalvik-indirect ref table slots module_base 0xb49e2000 module_end 0xb49e5000, size 0x3000
cr3: 2c6f0000, module loaded - dev/ashmem/dalvik-indirect ref table module_base 0xb49e5000 module_end 0xb49e6000, size 0x1000
cr3: 2c6f0000, module loaded - dev/ashmem/dalvik-indirect ref table slots module_base 0xb49e8000 module_end 0xb49eb000, size 0x3000
cr