This file contains any messages produced by compilers while
running configure, to aid debugging if configure makes a mistake.

It was created by sleuthkit configure 4.1.3, which was
generated by GNU Autoconf 2.61.  Invocation command line was

  $ ./configure --disable-java --enable-silent-rules --prefix=/home/developer/android_source/external/droidscope/DECAF_shared/sleuthkit CC=gcc-4.8 CXX=g++-4.8 LD=gcc-4.8 CFLAGS=-m32 CXXFLAGS=-m32 LDFLAGS=-m32

## --------- ##
## Platform. ##
## --------- ##

hostname = zhenxiao-pc
uname -m = x86_64
uname -r = 4.15.0-24-generic
uname -s = Linux
uname -v = #26~16.04.1-Ubuntu SMP Fri Jun 15 14:35:08 UTC 2018

/usr/bin/uname -p = unknown
/bin/uname -X     = unknown

/bin/arch              = unknown
/usr/bin/arch -k       = unknown
/usr/convex/getsysinfo = unknown
/usr/bin/hostinfo      = unknown
/bin/machine           = unknown
/usr/bin/oslevel       = unknown
/bin/universe          = unknown

PATH: /usr/local/sbin
PATH: /usr/local/bin
PATH: /usr/sbin
PATH: /usr/bin
PATH: /sbin
PATH: /bin
PATH: /snap/bin


## ----------- ##
## Core tests. ##
## ----------- ##

configure:2209: checking for a BSD-compatible install
configure:2265: result: /usr/bin/install -c
configure:2276: checking whether build environment is sane
configure:2319: result: yes
configure:2347: checking for a thread-safe mkdir -p
configure:2386: result: /bin/mkdir -p
configure:2399: checking for gawk
configure:2429: result: no
configure:2399: checking for mawk
configure:2415: found /usr/bin/mawk
configure:2426: result: mawk
configure:2437: checking whether make sets $(MAKE)
configure:2458: result: yes
configure:2680: checking for cppunit-config
configure:2711: result: no
configure:2721: checking for Cppunit - version >= 1.12.1
configure:2725: result: no
configure:2826: checking build system type
configure:2844: result: x86_64-unknown-linux-gnu
configure:2866: checking host system type
configure:2881: result: x86_64-unknown-linux-gnu
configure:2915: checking for style of include used by make
configure:2943: result: GNU
configure:3013: checking for gcc
configure:3040: result: gcc-4.8
configure:3278: checking for C compiler version
configure:3285: gcc-4.8 --version >&5
gcc-4.8 (Ubuntu 4.8.5-4ubuntu2) 4.8.5
Copyright (C) 2015 Free Software Foundation, Inc.
This is free software; see the source for copying conditions.  There is NO
warranty; not even for MERCHANTABILITY or FITNESS FOR A PARTICULAR PURPOSE.

configure:3288: $? = 0
configure:3295: gcc-4.8 -v >&5
Using built-in specs.
COLLECT_GCC=gcc-4.8
COLLECT_LTO_WRAPPER=/usr/lib/gcc/x86_64-linux-gnu/4.8/lto-wrapper
Target: x86_64-linux-gnu
Configured with: ../src/configure -v --with-pkgversion='Ubuntu 4.8.5-4ubuntu2' --with-bugurl=file:///usr/share/doc/gcc-4.8/README.Bugs --enable-languages=c,c++,java,go,d,fortran,objc,obj-c++ --prefix=/usr --program-suffix=-4.8 --enable-shared --enable-linker-build-id --libexecdir=/usr/lib --without-included-gettext --enable-threads=posix --with-gxx-include-dir=/usr/include/c++/4.8 --libdir=/usr/lib --enable-nls --with-sysroot=/ --enable-clocale=gnu --enable-libstdcxx-debug --enable-libstdcxx-time=yes --enable-gnu-unique-object --disable-libmudflap --enable-plugin --with-system-zlib --disable-browser-plugin --enable-java-awt=gtk --enable-gtk-cairo --with-java-home=/usr/lib/jvm/java-1.5.0-gcj-4.8-amd64/jre --enable-java-home --with-jvm-root-dir=/usr/lib/jvm/java-1.5.0-gcj-4.8-amd64 --with-jvm-jar-dir=/usr/lib/jvm-exports/java-1.5.0-gcj-4.8-amd64 --with-arch-directory=amd64 --with-ecj-jar=/usr/share/java/eclipse-ecj.jar --enable-objc-gc --enable-multiarch --disable-werror --with-arch-32=i686 --with-abi=m64 --with-multilib-list=m32,m64,mx32 --with-tune=generic --enable-checking=release --build=x86_64-linux-gnu --host=x86_64-linux-gnu --target=x86_64-linux-gnu
Thread model: posix
gcc version 4.8.5 (Ubuntu 4.8.5-4ubuntu2) 
configure:3298: $? = 0
configure:3305: gcc-4.8 -V >&5
gcc-4.8: error: unrecognized command line option '-V'
gcc-4.8: fatal error: no input files
compilation terminated.
configure:3308: $? = 4
configure:3331: checking for C compiler default output file name
configure:3358: gcc-4.8 -m32  -m32 conftest.c  >&5
configure:3361: $? = 0
configure:3399: result: a.out
configure:3416: checking whether the C compiler works
configure:3426: ./a.out
configure:3429: $? = 0
configure:3446: result: yes
configure:3453: checking whether we are cross compiling
configure:3455: result: no
configure:3458: checking for suffix of executables
configure:3465: gcc-4.8 -o conftest -m32  -m32 conftest.c  >&5
configure:3468: $? = 0
configure:3492: result: 
configure:3498: checking for suffix of object files
configure:3524: gcc-4.8 -c -m32  conftest.c >&5
configure:3527: $? = 0
configure:3550: result: o
configure:3554: checking whether we are using the GNU C compiler
configure:3583: gcc-4.8 -c -m32  conftest.c >&5
configure:3589: $? = 0
configure:3606: result: yes
configure:3611: checking whether gcc-4.8 accepts -g
configure:3641: gcc-4.8 -c -g  conftest.c >&5
configure:3647: $? = 0
configure:3746: result: yes
configure:3763: checking for gcc-4.8 option to accept ISO C89
configure:3837: gcc-4.8  -c -m32  conftest.c >&5
configure:3843: $? = 0
configure:3866: result: none needed
configure:3886: checking dependency style of gcc-4.8
configure:3977: result: gcc3
configure:3992: checking for a sed that does not truncate output
configure:4071: result: /bin/sed
configure:4089: checking for grep that handles long lines and -e
configure:4163: result: /bin/grep
configure:4168: checking for egrep
configure:4246: result: /bin/grep -E
configure:4251: checking for fgrep
configure:4329: result: /bin/grep -F
configure:4364: checking for ld used by gcc-4.8
configure:4431: result: gcc-4.8
configure:4440: checking if the linker (gcc-4.8) is GNU ld
configure:4455: result: no
configure:4467: checking for BSD- or MS-compatible name lister (nm)
configure:4516: result: /usr/bin/nm -B
configure:4638: checking the name lister (/usr/bin/nm -B) interface
configure:4645: gcc-4.8 -c -m32  conftest.c >&5
configure:4648: /usr/bin/nm -B "conftest.o"
configure:4651: output
00000000 B some_variable
configure:4658: result: BSD nm
configure:4661: checking whether ln -s works
configure:4665: result: yes
configure:4673: checking the maximum length of command line arguments
configure:4793: result: 1572864
configure:4810: checking whether the shell understands some XSI constructs
configure:4820: result: yes
configure:4824: checking whether the shell understands "+="
configure:4830: result: yes
configure:4865: checking for gcc-4.8 option to reload object files
configure:4872: result: -r
configure:4899: checking how to recognize dependent libraries
configure:5089: result: pass_all
configure:5149: checking for ar
configure:5165: found /usr/bin/ar
configure:5176: result: ar
configure:5258: checking for strip
configure:5274: found /usr/bin/strip
configure:5285: result: strip
configure:5361: checking for ranlib
configure:5377: found /usr/bin/ranlib
configure:5388: result: ranlib
configure:5482: checking command to parse /usr/bin/nm -B output from gcc-4.8 object
configure:5600: gcc-4.8 -c -m32  conftest.c >&5
configure:5603: $? = 0
configure:5607: /usr/bin/nm -B conftest.o \| sed -n -e 's/^.*[	 ]\([ABCDGIRSTW][ABCDGIRSTW]*\)[	 ][	 ]*\([_A-Za-z][_A-Za-z0-9]*\)$/\1 \2 \2/p' \> conftest.nm
configure:5610: $? = 0
configure:5664: gcc-4.8 -o conftest -m32  -m32 conftest.c conftstm.o >&5
configure:5667: $? = 0
configure:5705: result: ok
configure:5801: gcc-4.8 -c -m32  conftest.c >&5
configure:5804: $? = 0
configure:6584: checking how to run the C preprocessor
configure:6624: gcc-4.8 -E  conftest.c
configure:6630: $? = 0
configure:6661: gcc-4.8 -E  conftest.c
conftest.c:10:28: fatal error: ac_nonexistent.h: No such file or directory
 #include <ac_nonexistent.h>
                            ^
compilation terminated.
configure:6667: $? = 1
configure: failed program was:
| /* confdefs.h.  */
| #define PACKAGE_NAME "sleuthkit"
| #define PACKAGE_TARNAME "sleuthkit"
| #define PACKAGE_VERSION "4.1.3"
| #define PACKAGE_STRING "sleuthkit 4.1.3"
| #define PACKAGE_BUGREPORT ""
| #define PACKAGE "sleuthkit"
| #define VERSION "4.1.3"
| /* end confdefs.h.  */
| #include <ac_nonexistent.h>
configure:6700: result: gcc-4.8 -E
configure:6729: gcc-4.8 -E  conftest.c
configure:6735: $? = 0
configure:6766: gcc-4.8 -E  conftest.c
conftest.c:10:28: fatal error: ac_nonexistent.h: No such file or directory
 #include <ac_nonexistent.h>
                            ^
compilation terminated.
configure:6772: $? = 1
configure: failed program was:
| /* confdefs.h.  */
| #define PACKAGE_NAME "sleuthkit"
| #define PACKAGE_TARNAME "sleuthkit"
| #define PACKAGE_VERSION "4.1.3"
| #define PACKAGE_STRING "sleuthkit 4.1.3"
| #define PACKAGE_BUGREPORT ""
| #define PACKAGE "sleuthkit"
| #define VERSION "4.1.3"
| /* end confdefs.h.  */
| #include <ac_nonexistent.h>
configure:6810: checking for ANSI C header files
configure:6840: gcc-4.8 -c -m32  conftest.c >&5
configure:6846: $? = 0
configure:6945: gcc-4.8 -o conftest -m32  -m32 conftest.c  >&5
configure:6948: $? = 0
configure:6954: ./conftest
configure:6957: $? = 0
configure:6974: result: yes
configure:6998: checking for sys/types.h
configure:7019: gcc-4.8 -c -m32  conftest.c >&5
configure:7025: $? = 0
configure:7041: result: yes
configure:6998: checking for sys/stat.h
configure:7019: gcc-4.8 -c -m32  conftest.c >&5
configure:7025: $? = 0
configure:7041: result: yes
configure:6998: checking for stdlib.h
configure:7019: gcc-4.8 -c -m32  conftest.c >&5
configure:7025: $? = 0
configure:7041: result: yes
configure:6998: checking for string.h
configure:7019: gcc-4.8 -c -m32  conftest.c >&5
configure:7025: $? = 0
configure:7041: result: yes
configure:6998: checking for memory.h
configure:7019: gcc-4.8 -c -m32  conftest.c >&5
configure:7025: $? = 0
configure:7041: result: yes
configure:6998: checking for strings.h
configure:7019: gcc-4.8 -c -m32  conftest.c >&5
configure:7025: $? = 0
configure:7041: result: yes
configure:6998: checking for inttypes.h
configure:7019: gcc-4.8 -c -m32  conftest.c >&5
configure:7025: $? = 0
configure:7041: result: yes
configure:6998: checking for stdint.h
configure:7019: gcc-4.8 -c -m32  conftest.c >&5
configure:7025: $? = 0
configure:7041: result: yes
configure:6998: checking for unistd.h
configure:7019: gcc-4.8 -c -m32  conftest.c >&5
configure:7025: $? = 0
configure:7041: result: yes
configure:7057: checking for dlfcn.h
configure:7078: gcc-4.8 -c -m32  conftest.c >&5
configure:7084: $? = 0
configure:7100: result: yes
configure:7284: checking for objdir
configure:7299: result: .libs
configure:7591: checking if gcc-4.8 supports -fno-rtti -fno-exceptions
configure:7609: gcc-4.8 -c -m32  -fno-rtti -fno-exceptions conftest.c >&5
cc1: warning: command line option '-fno-rtti' is valid for C++/ObjC++ but not for C [enabled by default]
configure:7613: $? = 0
configure:7626: result: no
configure:7646: checking for gcc-4.8 option to produce PIC
configure:7903: result: -fPIC -DPIC
configure:7915: checking if gcc-4.8 PIC flag -fPIC -DPIC works
configure:7933: gcc-4.8 -c -m32  -fPIC -DPIC -DPIC conftest.c >&5
configure:7937: $? = 0
configure:7950: result: yes
configure:7974: checking if gcc-4.8 static flag -static works
configure:8002: result: yes
configure:8017: checking if gcc-4.8 supports -c -o file.o
configure:8038: gcc-4.8 -c -m32  -o out/conftest2.o conftest.c >&5
configure:8042: $? = 0
configure:8064: result: yes
configure:8072: checking if gcc-4.8 supports -c -o file.o
configure:8119: result: yes
configure:8152: checking whether the gcc-4.8 linker (gcc-4.8 -m elf_i386) supports shared libraries
configure:9206: result: no
configure:9445: checking dynamic linker characteristics
configure:9888: gcc-4.8 -o conftest -m32  -m32  conftest.c  >&5
configure:9894: $? = 0
configure:10124: result: GNU/Linux ld.so
configure:10226: checking how to hardcode library paths into programs
configure:10251: result: unsupported
configure:11064: checking whether stripping libraries is possible
configure:11069: result: yes
configure:11104: checking if libtool supports shared libraries
configure:11106: result: no
configure:11109: checking whether to build shared libraries
configure:11130: result: no
configure:11133: checking whether to build static libraries
configure:11137: result: yes
configure:11172: checking whether to enable maintainer-specific portions of Makefiles
configure:11181: result: no
configure:11312: checking for C++ compiler version
configure:11319: g++-4.8 --version >&5
g++-4.8 (Ubuntu 4.8.5-4ubuntu2) 4.8.5
Copyright (C) 2015 Free Software Foundation, Inc.
This is free software; see the source for copying conditions.  There is NO
warranty; not even for MERCHANTABILITY or FITNESS FOR A PARTICULAR PURPOSE.

configure:11322: $? = 0
configure:11329: g++-4.8 -v >&5
Using built-in specs.
COLLECT_GCC=g++-4.8
COLLECT_LTO_WRAPPER=/usr/lib/gcc/x86_64-linux-gnu/4.8/lto-wrapper
Target: x86_64-linux-gnu
Configured with: ../src/configure -v --with-pkgversion='Ubuntu 4.8.5-4ubuntu2' --with-bugurl=file:///usr/share/doc/gcc-4.8/README.Bugs --enable-languages=c,c++,java,go,d,fortran,objc,obj-c++ --prefix=/usr --program-suffix=-4.8 --enable-shared --enable-linker-build-id --libexecdir=/usr/lib --without-included-gettext --enable-threads=posix --with-gxx-include-dir=/usr/include/c++/4.8 --libdir=/usr/lib --enable-nls --with-sysroot=/ --enable-clocale=gnu --enable-libstdcxx-debug --enable-libstdcxx-time=yes --enable-gnu-unique-object --disable-libmudflap --enable-plugin --with-system-zlib --disable-browser-plugin --enable-java-awt=gtk --enable-gtk-cairo --with-java-home=/usr/lib/jvm/java-1.5.0-gcj-4.8-amd64/jre --enable-java-home --with-jvm-root-dir=/usr/lib/jvm/java-1.5.0-gcj-4.8-amd64 --with-jvm-jar-dir=/usr/lib/jvm-exports/java-1.5.0-gcj-4.8-amd64 --with-arch-directory=amd64 --with-ecj-jar=/usr/share/java/eclipse-ecj.jar --enable-objc-gc --enable-multiarch --disable-werror --with-arch-32=i686 --with-abi=m64 --with-multilib-list=m32,m64,mx32 --with-tune=generic --enable-checking=release --build=x86_64-linux-gnu --host=x86_64-linux-gnu --target=x86_64-linux-gnu
Thread model: posix
gcc version 4.8.5 (Ubuntu 4.8.5-4ubuntu2) 
configure:11332: $? = 0
configure:11339: g++-4.8 -V >&5
g++-4.8: error: unrecognized command line option '-V'
g++-4.8: fatal error: no input files
compilation terminated.
configure:11342: $? = 4
configure:11345: checking whether we are using the GNU C++ compiler
configure:11374: g++-4.8 -c -m32  conftest.cpp >&5
configure:11380: $? = 0
configure:11397: result: yes
configure:11402: checking whether g++-4.8 accepts -g
configure:11432: g++-4.8 -c -g  conftest.cpp >&5
configure:11438: $? = 0
configure:11537: result: yes
configure:11562: checking dependency style of g++-4.8
configure:11653: result: gcc3
configure:11785: checking for C++ compiler version
configure:11792: g++-4.8 --version >&5
g++-4.8 (Ubuntu 4.8.5-4ubuntu2) 4.8.5
Copyright (C) 2015 Free Software Foundation, Inc.
This is free software; see the source for copying conditions.  There is NO
warranty; not even for MERCHANTABILITY or FITNESS FOR A PARTICULAR PURPOSE.

configure:11795: $? = 0
configure:11802: g++-4.8 -v >&5
Using built-in specs.
COLLECT_GCC=g++-4.8
COLLECT_LTO_WRAPPER=/usr/lib/gcc/x86_64-linux-gnu/4.8/lto-wrapper
Target: x86_64-linux-gnu
Configured with: ../src/configure -v --with-pkgversion='Ubuntu 4.8.5-4ubuntu2' --with-bugurl=file:///usr/share/doc/gcc-4.8/README.Bugs --enable-languages=c,c++,java,go,d,fortran,objc,obj-c++ --prefix=/usr --program-suffix=-4.8 --enable-shared --enable-linker-build-id --libexecdir=/usr/lib --without-included-gettext --enable-threads=posix --with-gxx-include-dir=/usr/include/c++/4.8 --libdir=/usr/lib --enable-nls --with-sysroot=/ --enable-clocale=gnu --enable-libstdcxx-debug --enable-libstdcxx-time=yes --enable-gnu-unique-object --disable-libmudflap --enable-plugin --with-system-zlib --disable-browser-plugin --enable-java-awt=gtk --enable-gtk-cairo --with-java-home=/usr/lib/jvm/java-1.5.0-gcj-4.8-amd64/jre --enable-java-home --with-jvm-root-dir=/usr/lib/jvm/java-1.5.0-gcj-4.8-amd64 --with-jvm-jar-dir=/usr/lib/jvm-exports/java-1.5.0-gcj-4.8-amd64 --with-arch-directory=amd64 --with-ecj-jar=/usr/share/java/eclipse-ecj.jar --enable-objc-gc --enable-multiarch --disable-werror --with-arch-32=i686 --with-abi=m64 --with-multilib-list=m32,m64,mx32 --with-tune=generic --enable-checking=release --build=x86_64-linux-gnu --host=x86_64-linux-gnu --target=x86_64-linux-gnu
Thread model: posix
gcc version 4.8.5 (Ubuntu 4.8.5-4ubuntu2) 
configure:11805: $? = 0
configure:11812: g++-4.8 -V >&5
g++-4.8: error: unrecognized command line option '-V'
g++-4.8: fatal error: no input files
compilation terminated.
configure:11815: $? = 4
configure:11818: checking whether we are using the GNU C++ compiler
configure:11870: result: yes
configure:11875: checking whether g++-4.8 accepts -g
configure:12010: result: yes
configure:12035: checking dependency style of g++-4.8
configure:12126: result: gcc3
configure:12149: checking how to run the C++ preprocessor
configure:12185: g++-4.8 -E  conftest.cpp
configure:12191: $? = 0
configure:12222: g++-4.8 -E  conftest.cpp
conftest.cpp:22:28: fatal error: ac_nonexistent.h: No such file or directory
 #include <ac_nonexistent.h>
                            ^
compilation terminated.
configure:12228: $? = 1
configure: failed program was:
| /* confdefs.h.  */
| #define PACKAGE_NAME "sleuthkit"
| #define PACKAGE_TARNAME "sleuthkit"
| #define PACKAGE_VERSION "4.1.3"
| #define PACKAGE_STRING "sleuthkit 4.1.3"
| #define PACKAGE_BUGREPORT ""
| #define PACKAGE "sleuthkit"
| #define VERSION "4.1.3"
| #define STDC_HEADERS 1
| #define HAVE_SYS_TYPES_H 1
| #define HAVE_SYS_STAT_H 1
| #define HAVE_STDLIB_H 1
| #define HAVE_STRING_H 1
| #define HAVE_MEMORY_H 1
| #define HAVE_STRINGS_H 1
| #define HAVE_INTTYPES_H 1
| #define HAVE_STDINT_H 1
| #define HAVE_UNISTD_H 1
| #define HAVE_DLFCN_H 1
| #define LT_OBJDIR ".libs/"
| /* end confdefs.h.  */
| #include <ac_nonexistent.h>
configure:12261: result: g++-4.8 -E
configure:12290: g++-4.8 -E  conftest.cpp
configure:12296: $? = 0
configure:12327: g++-4.8 -E  conftest.cpp
conftest.cpp:22:28: fatal error: ac_nonexistent.h: No such file or directory
 #include <ac_nonexistent.h>
                            ^
compilation terminated.
configure:12333: $? = 1
configure: failed program was:
| /* confdefs.h.  */
| #define PACKAGE_NAME "sleuthkit"
| #define PACKAGE_TARNAME "sleuthkit"
| #define PACKAGE_VERSION "4.1.3"
| #define PACKAGE_STRING "sleuthkit 4.1.3"
| #define PACKAGE_BUGREPORT ""
| #define PACKAGE "sleuthkit"
| #define VERSION "4.1.3"
| #define STDC_HEADERS 1
| #define HAVE_SYS_TYPES_H 1
| #define HAVE_SYS_STAT_H 1
| #define HAVE_STDLIB_H 1
| #define HAVE_STRING_H 1
| #define HAVE_MEMORY_H 1
| #define HAVE_STRINGS_H 1
| #define HAVE_INTTYPES_H 1
| #define HAVE_STDINT_H 1
| #define HAVE_UNISTD_H 1
| #define HAVE_DLFCN_H 1
| #define LT_OBJDIR ".libs/"
| /* end confdefs.h.  */
| #include <ac_nonexistent.h>
configure:12507: checking for ld used by g++-4.8
configure:12574: result: gcc-4.8 -m elf_i386
configure:12583: checking if the linker (gcc-4.8 -m elf_i386) is GNU ld
configure:12598: result: no
configure:12653: checking whether the g++-4.8 linker (gcc-4.8 -m elf_i386) supports shared libraries
configure:13615: result: yes
configure:13643: g++-4.8 -c -m32  conftest.cpp >&5
configure:13646: $? = 0
configure:13828: checking for g++-4.8 option to produce PIC
configure:14137: result: -fPIC -DPIC
configure:14146: checking if g++-4.8 PIC flag -fPIC -DPIC works
configure:14164: g++-4.8 -c -m32  -fPIC -DPIC -DPIC conftest.cpp >&5
configure:14168: $? = 0
configure:14181: result: yes
configure:14202: checking if g++-4.8 static flag -static works
configure:14230: result: yes
configure:14242: checking if g++-4.8 supports -c -o file.o
configure:14263: g++-4.8 -c -m32  -o out/conftest2.o conftest.cpp >&5
configure:14267: $? = 0
configure:14289: result: yes
configure:14294: checking if g++-4.8 supports -c -o file.o
configure:14341: result: yes
configure:14371: checking whether the g++-4.8 linker (gcc-4.8 -m elf_i386) supports shared libraries
configure:14397: result: yes
configure:14534: checking dynamic linker characteristics
configure:14925: g++-4.8 -o conftest -m32  -m32  conftest.cpp  >&5
configure:14931: $? = 0
configure:15161: result: GNU/Linux ld.so
configure:15212: checking how to hardcode library paths into programs
configure:15237: result: unsupported
configure:15324: checking for gcc
configure:15351: result: gcc-4.8
configure:15589: checking for C compiler version
configure:15596: gcc-4.8 --version >&5
gcc-4.8 (Ubuntu 4.8.5-4ubuntu2) 4.8.5
Copyright (C) 2015 Free Software Foundation, Inc.
This is free software; see the source for copying conditions.  There is NO
warranty; not even for MERCHANTABILITY or FITNESS FOR A PARTICULAR PURPOSE.

configure:15599: $? = 0
configure:15606: gcc-4.8 -v >&5
Using built-in specs.
COLLECT_GCC=gcc-4.8
COLLECT_LTO_WRAPPER=/usr/lib/gcc/x86_64-linux-gnu/4.8/lto-wrapper
Target: x86_64-linux-gnu
Configured with: ../src/configure -v --with-pkgversion='Ubuntu 4.8.5-4ubuntu2' --with-bugurl=file:///usr/share/doc/gcc-4.8/README.Bugs --enable-languages=c,c++,java,go,d,fortran,objc,obj-c++ --prefix=/usr --program-suffix=-4.8 --enable-shared --enable-linker-build-id --libexecdir=/usr/lib --without-included-gettext --enable-threads=posix --with-gxx-include-dir=/usr/include/c++/4.8 --libdir=/usr/lib --enable-nls --with-sysroot=/ --enable-clocale=gnu --enable-libstdcxx-debug --enable-libstdcxx-time=yes --enable-gnu-unique-object --disable-libmudflap --enable-plugin --with-system-zlib --disable-browser-plugin --enable-java-awt=gtk --enable-gtk-cairo --with-java-home=/usr/lib/jvm/java-1.5.0-gcj-4.8-amd64/jre --enable-java-home --with-jvm-root-dir=/usr/lib/jvm/java-1.5.0-gcj-4.8-amd64 --with-jvm-jar-dir=/usr/lib/jvm-exports/java-1.5.0-gcj-4.8-amd64 --with-arch-directory=amd64 --with-ecj-jar=/usr/share/java/eclipse-ecj.jar --enable-objc-gc --enable-multiarch --disable-werror --with-arch-32=i686 --with-abi=m64 --with-multilib-list=m32,m64,mx32 --with-tune=generic --enable-checking=release --build=x86_64-linux-gnu --host=x86_64-linux-gnu --target=x86_64-linux-gnu
Thread model: posix
gcc version 4.8.5 (Ubuntu 4.8.5-4ubuntu2) 
configure:15609: $? = 0
configure:15616: gcc-4.8 -V >&5
gcc-4.8: error: unrecognized command line option '-V'
gcc-4.8: fatal error: no input files
compilation terminated.
configure:15619: $? = 4
configure:15622: checking whether we are using the GNU C compiler
configure:15674: result: yes
configure:15679: checking whether gcc-4.8 accepts -g
configure:15814: result: yes
configure:15831: checking for gcc-4.8 option to accept ISO C89
configure:15934: result: none needed
configure:15954: checking dependency style of gcc-4.8
configure:16045: result: gcc3
configure:16065: checking how to run the C preprocessor
configure:16181: result: gcc-4.8 -E
configure:16210: gcc-4.8 -E  conftest.c
configure:16216: $? = 0
configure:16247: gcc-4.8 -E  conftest.c
conftest.c:22:28: fatal error: ac_nonexistent.h: No such file or directory
 #include <ac_nonexistent.h>
                            ^
compilation terminated.
configure:16253: $? = 1
configure: failed program was:
| /* confdefs.h.  */
| #define PACKAGE_NAME "sleuthkit"
| #define PACKAGE_TARNAME "sleuthkit"
| #define PACKAGE_VERSION "4.1.3"
| #define PACKAGE_STRING "sleuthkit 4.1.3"
| #define PACKAGE_BUGREPORT ""
| #define PACKAGE "sleuthkit"
| #define VERSION "4.1.3"
| #define STDC_HEADERS 1
| #define HAVE_SYS_TYPES_H 1
| #define HAVE_SYS_STAT_H 1
| #define HAVE_STDLIB_H 1
| #define HAVE_STRING_H 1
| #define HAVE_MEMORY_H 1
| #define HAVE_STRINGS_H 1
| #define HAVE_INTTYPES_H 1
| #define HAVE_STDINT_H 1
| #define HAVE_UNISTD_H 1
| #define HAVE_DLFCN_H 1
| #define LT_OBJDIR ".libs/"
| /* end confdefs.h.  */
| #include <ac_nonexistent.h>
configure:16303: checking for a BSD-compatible install
configure:16359: result: /usr/bin/install -c
configure:16370: checking whether ln -s works
configure:16374: result: yes
configure:16381: checking whether make sets $(MAKE)
configure:16402: result: yes
configure:16413: checking for perl
configure:16431: found /usr/bin/perl
configure:16443: result: /usr/bin/perl
configure:16453: checking for ANSI C header files
configure:16617: result: yes
configure:16647: checking err.h usability
configure:16664: gcc-4.8 -c -m32  conftest.c >&5
configure:16670: $? = 0
configure:16684: result: yes
configure:16688: checking err.h presence
configure:16703: gcc-4.8 -E  conftest.c
configure:16709: $? = 0
configure:16723: result: yes
configure:16751: checking for err.h
configure:16759: result: yes
configure:16637: checking for inttypes.h
configure:16643: result: yes
configure:16637: checking for unistd.h
configure:16643: result: yes
configure:16637: checking for stdint.h
configure:16643: result: yes
configure:16647: checking sys/param.h usability
configure:16664: gcc-4.8 -c -m32  conftest.c >&5
configure:16670: $? = 0
configure:16684: result: yes
configure:16688: checking sys/param.h presence
configure:16703: gcc-4.8 -E  conftest.c
configure:16709: $? = 0
configure:16723: result: yes
configure:16751: checking for sys/param.h
configure:16759: result: yes
configure:16647: checking sys/resource.h usability
configure:16664: gcc-4.8 -c -m32  conftest.c >&5
configure:16670: $? = 0
configure:16684: result: yes
configure:16688: checking sys/resource.h presence
configure:16703: gcc-4.8 -E  conftest.c
configure:16709: $? = 0
configure:16723: result: yes
configure:16751: checking for sys/resource.h
configure:16759: result: yes
configure:16773: checking for stdbool.h that conforms to C99
configure:16866: gcc-4.8 -c -m32  conftest.c >&5
configure:16872: $? = 0
configure:16887: result: yes
configure:16889: checking for _Bool
configure:16919: gcc-4.8 -c -m32  conftest.c >&5
configure:16925: $? = 0
configure:16940: result: yes
configure:16959: checking for an ANSI C-conforming const
configure:17034: gcc-4.8 -c -m32  conftest.c >&5
configure:17040: $? = 0
configure:17055: result: yes
configure:17065: checking for uid_t in sys/types.h
configure:17088: result: yes
configure:17103: checking for mode_t
configure:17133: gcc-4.8 -c -m32  conftest.c >&5
configure:17139: $? = 0
configure:17154: result: yes
configure:17166: checking for off_t
configure:17196: gcc-4.8 -c -m32  conftest.c >&5
configure:17202: $? = 0
configure:17217: result: yes
configure:17229: checking for size_t
configure:17259: gcc-4.8 -c -m32  conftest.c >&5
configure:17265: $? = 0
configure:17280: result: yes
configure:17300: checking for special C compiler options needed for large files
configure:17393: result: no
configure:17399: checking for _FILE_OFFSET_BITS value needed for large files
configure:17434: gcc-4.8 -c -m32  conftest.c >&5
conftest.c:37:3: warning: left shift count >= width of type [enabled by default]
   int off_t_is_large[(LARGE_OFF_T % 2147483629 == 721
   ^
conftest.c:37:3: warning: left shift count >= width of type [enabled by default]
conftest.c:38:10: warning: left shift count >= width of type [enabled by default]
          && LARGE_OFF_T % 2147483647 == 1)
          ^
conftest.c:38:10: warning: left shift count >= width of type [enabled by default]
conftest.c:37:7: error: variably modified 'off_t_is_large' at file scope
   int off_t_is_large[(LARGE_OFF_T % 2147483629 == 721
       ^
configure:17440: $? = 1
configure: failed program was:
| /* confdefs.h.  */
| #define PACKAGE_NAME "sleuthkit"
| #define PACKAGE_TARNAME "sleuthkit"
| #define PACKAGE_VERSION "4.1.3"
| #define PACKAGE_STRING "sleuthkit 4.1.3"
| #define PACKAGE_BUGREPORT ""
| #define PACKAGE "sleuthkit"
| #define VERSION "4.1.3"
| #define STDC_HEADERS 1
| #define HAVE_SYS_TYPES_H 1
| #define HAVE_SYS_STAT_H 1
| #define HAVE_STDLIB_H 1
| #define HAVE_STRING_H 1
| #define HAVE_MEMORY_H 1
| #define HAVE_STRINGS_H 1
| #define HAVE_INTTYPES_H 1
| #define HAVE_STDINT_H 1
| #define HAVE_UNISTD_H 1
| #define HAVE_DLFCN_H 1
| #define LT_OBJDIR ".libs/"
| #define STDC_HEADERS 1
| #define HAVE_ERR_H 1
| #define HAVE_INTTYPES_H 1
| #define HAVE_UNISTD_H 1
| #define HAVE_STDINT_H 1
| #define HAVE_SYS_PARAM_H 1
| #define HAVE_SYS_RESOURCE_H 1
| #define HAVE__BOOL 1
| #define HAVE_STDBOOL_H 1
| /* end confdefs.h.  */
| #include <sys/types.h>
|  /* Check that off_t can represent 2**63 - 1 correctly.
|     We can't simply define LARGE_OFF_T to be 9223372036854775807,
|     since some C++ compilers masquerading as C compilers
|     incorrectly reject 9223372036854775807.  */
| #define LARGE_OFF_T (((off_t) 1 << 62) - 1 + ((off_t) 1 << 62))
|   int off_t_is_large[(LARGE_OFF_T % 2147483629 == 721
| 		       && LARGE_OFF_T % 2147483647 == 1)
| 		      ? 1 : -1];
| int
| main ()
| {
| 
|   ;
|   return 0;
| }
configure:17484: gcc-4.8 -c -m32  conftest.c >&5
configure:17490: $? = 0
configure:17508: result: 64
configure:17646: checking for working alloca.h
configure:17673: gcc-4.8 -o conftest -m32  -m32 conftest.c  >&5
configure:17679: $? = 0
configure:17696: result: yes
configure:17706: checking for alloca
configure:17753: gcc-4.8 -o conftest -m32  -m32 conftest.c  >&5
configure:17759: $? = 0
configure:17776: result: yes
configure:18003: checking for error_at_line
configure:18029: gcc-4.8 -o conftest -m32  -m32 conftest.c  >&5
configure:18035: $? = 0
configure:18052: result: yes
configure:18063: checking for _LARGEFILE_SOURCE value needed for large files
configure:18090: gcc-4.8 -o conftest -m32  -m32 conftest.c  >&5
configure:18096: $? = 0
configure:18160: result: no
configure:18184: checking whether gcc-4.8 needs -traditional
configure:18226: result: no
configure:18233: checking whether lstat dereferences a symlink specified with a trailing slash
configure:18269: gcc-4.8 -o conftest -m32  -m32 conftest.c  >&5
configure:18272: $? = 0
configure:18278: ./conftest
configure:18281: $? = 0
configure:18304: result: yes
configure:18323: checking whether lstat accepts an empty string
configure:18353: gcc-4.8 -o conftest -m32  -m32 conftest.c  >&5
configure:18356: $? = 0
configure:18362: ./conftest
configure:18365: $? = 0
configure:18381: result: no
configure:18397: checking whether lstat dereferences a symlink specified with a trailing slash
configure:18468: result: yes
configure:18503: checking sys/select.h usability
configure:18520: gcc-4.8 -c -m32  conftest.c >&5
configure:18526: $? = 0
configure:18540: result: yes
configure:18544: checking sys/select.h presence
configure:18559: gcc-4.8 -E  conftest.c
configure:18565: $? = 0
configure:18579: result: yes
configure:18607: checking for sys/select.h
configure:18615: result: yes
configure:18503: checking sys/socket.h usability
configure:18520: gcc-4.8 -c -m32  conftest.c >&5
configure:18526: $? = 0
configure:18540: result: yes
configure:18544: checking sys/socket.h presence
configure:18559: gcc-4.8 -E  conftest.c
configure:18565: $? = 0
configure:18579: result: yes
configure:18607: checking for sys/socket.h
configure:18615: result: yes
configure:18628: checking types of arguments for select
configure:18666: gcc-4.8 -c -m32  conftest.c >&5
configure:18672: $? = 0
configure:18693: result: int,fd_set *,struct timeval *
configure:18734: checking utime.h usability
configure:18751: gcc-4.8 -c -m32  conftest.c >&5
configure:18757: $? = 0
configure:18771: result: yes
configure:18775: checking utime.h presence
configure:18790: gcc-4.8 -E  conftest.c
configure:18796: $? = 0
configure:18810: result: yes
configure:18838: checking for utime.h
configure:18846: result: yes
configure:18867: checking whether utime accepts a null argument
configure:18906: gcc-4.8 -o conftest -m32  -m32 conftest.c  >&5
configure:18909: $? = 0
configure:18915: ./conftest
configure:18918: $? = 0
configure:18934: result: yes
configure:18949: checking for vprintf
configure:19005: gcc-4.8 -o conftest -m32  -m32 conftest.c  >&5
conftest.c:67:6: warning: conflicting types for built-in function 'vprintf' [enabled by default]
 char vprintf ();
      ^
configure:19011: $? = 0
configure:19029: result: yes
configure:19036: checking for _doprnt
configure:19092: gcc-4.8 -o conftest -m32  -m32 conftest.c  >&5
/tmp/ccaZi0s3.o: In function `main':
conftest.c:(.text+0x7): undefined reference to `_doprnt'
collect2: error: ld returned 1 exit status
configure:19098: $? = 1
configure: failed program was:
| /* confdefs.h.  */
| #define PACKAGE_NAME "sleuthkit"
| #define PACKAGE_TARNAME "sleuthkit"
| #define PACKAGE_VERSION "4.1.3"
| #define PACKAGE_STRING "sleuthkit 4.1.3"
| #define PACKAGE_BUGREPORT ""
| #define PACKAGE "sleuthkit"
| #define VERSION "4.1.3"
| #define STDC_HEADERS 1
| #define HAVE_SYS_TYPES_H 1
| #define HAVE_SYS_STAT_H 1
| #define HAVE_STDLIB_H 1
| #define HAVE_STRING_H 1
| #define HAVE_MEMORY_H 1
| #define HAVE_STRINGS_H 1
| #define HAVE_INTTYPES_H 1
| #define HAVE_STDINT_H 1
| #define HAVE_UNISTD_H 1
| #define HAVE_DLFCN_H 1
| #define LT_OBJDIR ".libs/"
| #define STDC_HEADERS 1
| #define HAVE_ERR_H 1
| #define HAVE_INTTYPES_H 1
| #define HAVE_UNISTD_H 1
| #define HAVE_STDINT_H 1
| #define HAVE_SYS_PARAM_H 1
| #define HAVE_SYS_RESOURCE_H 1
| #define HAVE__BOOL 1
| #define HAVE_STDBOOL_H 1
| #define _FILE_OFFSET_BITS 64
| #define HAVE_ALLOCA_H 1
| #define HAVE_ALLOCA 1
| #define HAVE_FSEEKO 1
| #define LSTAT_FOLLOWS_SLASHED_SYMLINK 1
| #define LSTAT_FOLLOWS_SLASHED_SYMLINK 1
| #define HAVE_SYS_SELECT_H 1
| #define HAVE_SYS_SOCKET_H 1
| #define SELECT_TYPE_ARG1 int
| #define SELECT_TYPE_ARG234 (fd_set *)
| #define SELECT_TYPE_ARG5 (struct timeval *)
| #define HAVE_UTIME_H 1
| #define HAVE_UTIME_NULL 1
| #define HAVE_VPRINTF 1
| /* end confdefs.h.  */
| /* Define _doprnt to an innocuous variant, in case <limits.h> declares _doprnt.
|    For example, HP-UX 11i <limits.h> declares gettimeofday.  */
| #define _doprnt innocuous__doprnt
| 
| /* System header to define __stub macros and hopefully few prototypes,
|     which can conflict with char _doprnt (); below.
|     Prefer <limits.h> to <assert.h> if __STDC__ is defined, since
|     <limits.h> exists even on freestanding compilers.  */
| 
| #ifdef __STDC__
| # include <limits.h>
| #else
| # include <assert.h>
| #endif
| 
| #undef _doprnt
| 
| /* Override any GCC internal prototype to avoid an error.
|    Use char because int might match the return type of a GCC
|    builtin and then its argument prototype would still apply.  */
| #ifdef __cplusplus
| extern "C"
| #endif
| char _doprnt ();
| /* The GNU C library defines this for functions which it implements
|     to always fail with ENOSYS.  Some functions are actually named
|     something starting with __ and the normal name is an alias.  */
| #if defined __stub__doprnt || defined __stub____doprnt
| choke me
| #endif
| 
| int
| main ()
| {
| return _doprnt ();
|   ;
|   return 0;
| }
configure:19115: result: no
configure:19139: checking for ishexnumber
configure:19195: gcc-4.8 -o conftest -m32  -m32 conftest.c  >&5
/tmp/ccSQEu04.o: In function `main':
conftest.c:(.text+0x7): undefined reference to `ishexnumber'
collect2: error: ld returned 1 exit status
configure:19201: $? = 1
configure: failed program was:
| /* confdefs.h.  */
| #define PACKAGE_NAME "sleuthkit"
| #define PACKAGE_TARNAME "sleuthkit"
| #define PACKAGE_VERSION "4.1.3"
| #define PACKAGE_STRING "sleuthkit 4.1.3"
| #define PACKAGE_BUGREPORT ""
| #define PACKAGE "sleuthkit"
| #define VERSION "4.1.3"
| #define STDC_HEADERS 1
| #define HAVE_SYS_TYPES_H 1
| #define HAVE_SYS_STAT_H 1
| #define HAVE_STDLIB_H 1
| #define HAVE_STRING_H 1
| #define HAVE_MEMORY_H 1
| #define HAVE_STRINGS_H 1
| #define HAVE_INTTYPES_H 1
| #define HAVE_STDINT_H 1
| #define HAVE_UNISTD_H 1
| #define HAVE_DLFCN_H 1
| #define LT_OBJDIR ".libs/"
| #define STDC_HEADERS 1
| #define HAVE_ERR_H 1
| #define HAVE_INTTYPES_H 1
| #define HAVE_UNISTD_H 1
| #define HAVE_STDINT_H 1
| #define HAVE_SYS_PARAM_H 1
| #define HAVE_SYS_RESOURCE_H 1
| #define HAVE__BOOL 1
| #define HAVE_STDBOOL_H 1
| #define _FILE_OFFSET_BITS 64
| #define HAVE_ALLOCA_H 1
| #define HAVE_ALLOCA 1
| #define HAVE_FSEEKO 1
| #define LSTAT_FOLLOWS_SLASHED_SYMLINK 1
| #define LSTAT_FOLLOWS_SLASHED_SYMLINK 1
| #define HAVE_SYS_SELECT_H 1
| #define HAVE_SYS_SOCKET_H 1
| #define SELECT_TYPE_ARG1 int
| #define SELECT_TYPE_ARG234 (fd_set *)
| #define SELECT_TYPE_ARG5 (struct timeval *)
| #define HAVE_UTIME_H 1
| #define HAVE_UTIME_NULL 1
| #define HAVE_VPRINTF 1
| /* end confdefs.h.  */
| /* Define ishexnumber to an innocuous variant, in case <limits.h> declares ishexnumber.
|    For example, HP-UX 11i <limits.h> declares gettimeofday.  */
| #define ishexnumber innocuous_ishexnumber
| 
| /* System header to define __stub macros and hopefully few prototypes,
|     which can conflict with char ishexnumber (); below.
|     Prefer <limits.h> to <assert.h> if __STDC__ is defined, since
|     <limits.h> exists even on freestanding compilers.  */
| 
| #ifdef __STDC__
| # include <limits.h>
| #else
| # include <assert.h>
| #endif
| 
| #undef ishexnumber
| 
| /* Override any GCC internal prototype to avoid an error.
|    Use char because int might match the return type of a GCC
|    builtin and then its argument prototype would still apply.  */
| #ifdef __cplusplus
| extern "C"
| #endif
| char ishexnumber ();
| /* The GNU C library defines this for functions which it implements
|     to always fail with ENOSYS.  Some functions are actually named
|     something starting with __ and the normal name is an alias.  */
| #if defined __stub_ishexnumber || defined __stub___ishexnumber
| choke me
| #endif
| 
| int
| main ()
| {
| return ishexnumber ();
|   ;
|   return 0;
| }
configure:19219: result: no
configure:19139: checking for err
configure:19195: gcc-4.8 -o conftest -m32  -m32 conftest.c  >&5
configure:19201: $? = 0
configure:19219: result: yes
configure:19139: checking for errx
configure:19195: gcc-4.8 -o conftest -m32  -m32 conftest.c  >&5
configure:19201: $? = 0
configure:19219: result: yes
configure:19139: checking for warn
configure:19195: gcc-4.8 -o conftest -m32  -m32 conftest.c  >&5
configure:19201: $? = 0
configure:19219: result: yes
configure:19139: checking for warnx
configure:19195: gcc-4.8 -o conftest -m32  -m32 conftest.c  >&5
configure:19201: $? = 0
configure:19219: result: yes
configure:19139: checking for vasprintf
configure:19195: gcc-4.8 -o conftest -m32  -m32 conftest.c  >&5
configure:19201: $? = 0
configure:19219: result: yes
configure:19139: checking for getrusage
configure:19195: gcc-4.8 -o conftest -m32  -m32 conftest.c  >&5
configure:19201: $? = 0
configure:19219: result: yes
configure:19234: checking for strlcpy
configure:19290: gcc-4.8 -o conftest -m32  -m32 conftest.c  >&5
/tmp/cc4Gtfqw.o: In function `main':
conftest.c:(.text+0x7): undefined reference to `strlcpy'
collect2: error: ld returned 1 exit status
configure:19296: $? = 1
configure: failed program was:
| /* confdefs.h.  */
| #define PACKAGE_NAME "sleuthkit"
| #define PACKAGE_TARNAME "sleuthkit"
| #define PACKAGE_VERSION "4.1.3"
| #define PACKAGE_STRING "sleuthkit 4.1.3"
| #define PACKAGE_BUGREPORT ""
| #define PACKAGE "sleuthkit"
| #define VERSION "4.1.3"
| #define STDC_HEADERS 1
| #define HAVE_SYS_TYPES_H 1
| #define HAVE_SYS_STAT_H 1
| #define HAVE_STDLIB_H 1
| #define HAVE_STRING_H 1
| #define HAVE_MEMORY_H 1
| #define HAVE_STRINGS_H 1
| #define HAVE_INTTYPES_H 1
| #define HAVE_STDINT_H 1
| #define HAVE_UNISTD_H 1
| #define HAVE_DLFCN_H 1
| #define LT_OBJDIR ".libs/"
| #define STDC_HEADERS 1
| #define HAVE_ERR_H 1
| #define HAVE_INTTYPES_H 1
| #define HAVE_UNISTD_H 1
| #define HAVE_STDINT_H 1
| #define HAVE_SYS_PARAM_H 1
| #define HAVE_SYS_RESOURCE_H 1
| #define HAVE__BOOL 1
| #define HAVE_STDBOOL_H 1
| #define _FILE_OFFSET_BITS 64
| #define HAVE_ALLOCA_H 1
| #define HAVE_ALLOCA 1
| #define HAVE_FSEEKO 1
| #define LSTAT_FOLLOWS_SLASHED_SYMLINK 1
| #define LSTAT_FOLLOWS_SLASHED_SYMLINK 1
| #define HAVE_SYS_SELECT_H 1
| #define HAVE_SYS_SOCKET_H 1
| #define SELECT_TYPE_ARG1 int
| #define SELECT_TYPE_ARG234 (fd_set *)
| #define SELECT_TYPE_ARG5 (struct timeval *)
| #define HAVE_UTIME_H 1
| #define HAVE_UTIME_NULL 1
| #define HAVE_VPRINTF 1
| #define HAVE_ERR 1
| #define HAVE_ERRX 1
| #define HAVE_WARN 1
| #define HAVE_WARNX 1
| #define HAVE_VASPRINTF 1
| #define HAVE_GETRUSAGE 1
| /* end confdefs.h.  */
| /* Define strlcpy to an innocuous variant, in case <limits.h> declares strlcpy.
|    For example, HP-UX 11i <limits.h> declares gettimeofday.  */
| #define strlcpy innocuous_strlcpy
| 
| /* System header to define __stub macros and hopefully few prototypes,
|     which can conflict with char strlcpy (); below.
|     Prefer <limits.h> to <assert.h> if __STDC__ is defined, since
|     <limits.h> exists even on freestanding compilers.  */
| 
| #ifdef __STDC__
| # include <limits.h>
| #else
| # include <assert.h>
| #endif
| 
| #undef strlcpy
| 
| /* Override any GCC internal prototype to avoid an error.
|    Use char because int might match the return type of a GCC
|    builtin and then its argument prototype would still apply.  */
| #ifdef __cplusplus
| extern "C"
| #endif
| char strlcpy ();
| /* The GNU C library defines this for functions which it implements
|     to always fail with ENOSYS.  Some functions are actually named
|     something starting with __ and the normal name is an alias.  */
| #if defined __stub_strlcpy || defined __stub___strlcpy
| choke me
| #endif
| 
| int
| main ()
| {
| return strlcpy ();
|   ;
|   return 0;
| }
configure:19314: result: no
configure:19234: checking for strlcat
configure:19290: gcc-4.8 -o conftest -m32  -m32 conftest.c  >&5
/tmp/ccSDRB8w.o: In function `main':
conftest.c:(.text+0x7): undefined reference to `strlcat'
collect2: error: ld returned 1 exit status
configure:19296: $? = 1
configure: failed program was:
| /* confdefs.h.  */
| #define PACKAGE_NAME "sleuthkit"
| #define PACKAGE_TARNAME "sleuthkit"
| #define PACKAGE_VERSION "4.1.3"
| #define PACKAGE_STRING "sleuthkit 4.1.3"
| #define PACKAGE_BUGREPORT ""
| #define PACKAGE "sleuthkit"
| #define VERSION "4.1.3"
| #define STDC_HEADERS 1
| #define HAVE_SYS_TYPES_H 1
| #define HAVE_SYS_STAT_H 1
| #define HAVE_STDLIB_H 1
| #define HAVE_STRING_H 1
| #define HAVE_MEMORY_H 1
| #define HAVE_STRINGS_H 1
| #define HAVE_INTTYPES_H 1
| #define HAVE_STDINT_H 1
| #define HAVE_UNISTD_H 1
| #define HAVE_DLFCN_H 1
| #define LT_OBJDIR ".libs/"
| #define STDC_HEADERS 1
| #define HAVE_ERR_H 1
| #define HAVE_INTTYPES_H 1
| #define HAVE_UNISTD_H 1
| #define HAVE_STDINT_H 1
| #define HAVE_SYS_PARAM_H 1
| #define HAVE_SYS_RESOURCE_H 1
| #define HAVE__BOOL 1
| #define HAVE_STDBOOL_H 1
| #define _FILE_OFFSET_BITS 64
| #define HAVE_ALLOCA_H 1
| #define HAVE_ALLOCA 1
| #define HAVE_FSEEKO 1
| #define LSTAT_FOLLOWS_SLASHED_SYMLINK 1
| #define LSTAT_FOLLOWS_SLASHED_SYMLINK 1
| #define HAVE_SYS_SELECT_H 1
| #define HAVE_SYS_SOCKET_H 1
| #define SELECT_TYPE_ARG1 int
| #define SELECT_TYPE_ARG234 (fd_set *)
| #define SELECT_TYPE_ARG5 (struct timeval *)
| #define HAVE_UTIME_H 1
| #define HAVE_UTIME_NULL 1
| #define HAVE_VPRINTF 1
| #define HAVE_ERR 1
| #define HAVE_ERRX 1
| #define HAVE_WARN 1
| #define HAVE_WARNX 1
| #define HAVE_VASPRINTF 1
| #define HAVE_GETRUSAGE 1
| /* end confdefs.h.  */
| /* Define strlcat to an innocuous variant, in case <limits.h> declares strlcat.
|    For example, HP-UX 11i <limits.h> declares gettimeofday.  */
| #define strlcat innocuous_strlcat
| 
| /* System header to define __stub macros and hopefully few prototypes,
|     which can conflict with char strlcat (); below.
|     Prefer <limits.h> to <assert.h> if __STDC__ is defined, since
|     <limits.h> exists even on freestanding compilers.  */
| 
| #ifdef __STDC__
| # include <limits.h>
| #else
| # include <assert.h>
| #endif
| 
| #undef strlcat
| 
| /* Override any GCC internal prototype to avoid an error.
|    Use char because int might match the return type of a GCC
|    builtin and then its argument prototype would still apply.  */
| #ifdef __cplusplus
| extern "C"
| #endif
| char strlcat ();
| /* The GNU C library defines this for functions which it implements
|     to always fail with ENOSYS.  Some functions are actually named
|     something starting with __ and the normal name is an alias.  */
| #if defined __stub_strlcat || defined __stub___strlcat
| choke me
| #endif
| 
| int
| main ()
| {
| return strlcat ();
|   ;
|   return 0;
| }
configure:19314: result: no
configure:19521: checking for the pthreads library -lpthreads
configure:19569: gcc-4.8 -o conftest -m32   -m32 conftest.c -lpthreads  >&5
/usr/bin/ld: cannot find -lpthreads
collect2: error: ld returned 1 exit status
configure:19575: $? = 1
configure: failed program was:
| /* confdefs.h.  */
| #define PACKAGE_NAME "sleuthkit"
| #define PACKAGE_TARNAME "sleuthkit"
| #define PACKAGE_VERSION "4.1.3"
| #define PACKAGE_STRING "sleuthkit 4.1.3"
| #define PACKAGE_BUGREPORT ""
| #define PACKAGE "sleuthkit"
| #define VERSION "4.1.3"
| #define STDC_HEADERS 1
| #define HAVE_SYS_TYPES_H 1
| #define HAVE_SYS_STAT_H 1
| #define HAVE_STDLIB_H 1
| #define HAVE_STRING_H 1
| #define HAVE_MEMORY_H 1
| #define HAVE_STRINGS_H 1
| #define HAVE_INTTYPES_H 1
| #define HAVE_STDINT_H 1
| #define HAVE_UNISTD_H 1
| #define HAVE_DLFCN_H 1
| #define LT_OBJDIR ".libs/"
| #define STDC_HEADERS 1
| #define HAVE_ERR_H 1
| #define HAVE_INTTYPES_H 1
| #define HAVE_UNISTD_H 1
| #define HAVE_STDINT_H 1
| #define HAVE_SYS_PARAM_H 1
| #define HAVE_SYS_RESOURCE_H 1
| #define HAVE__BOOL 1
| #define HAVE_STDBOOL_H 1
| #define _FILE_OFFSET_BITS 64
| #define HAVE_ALLOCA_H 1
| #define HAVE_ALLOCA 1
| #define HAVE_FSEEKO 1
| #define LSTAT_FOLLOWS_SLASHED_SYMLINK 1
| #define LSTAT_FOLLOWS_SLASHED_SYMLINK 1
| #define HAVE_SYS_SELECT_H 1
| #define HAVE_SYS_SOCKET_H 1
| #define SELECT_TYPE_ARG1 int
| #define SELECT_TYPE_ARG234 (fd_set *)
| #define SELECT_TYPE_ARG5 (struct timeval *)
| #define HAVE_UTIME_H 1
| #define HAVE_UTIME_NULL 1
| #define HAVE_VPRINTF 1
| #define HAVE_ERR 1
| #define HAVE_ERRX 1
| #define HAVE_WARN 1
| #define HAVE_WARNX 1
| #define HAVE_VASPRINTF 1
| #define HAVE_GETRUSAGE 1
| /* end confdefs.h.  */
| #include <pthread.h>
| 		     static void routine(void* a) {a=0;}
| 		     static void* start_routine(void* a) {return a;}
| int
| main ()
| {
| pthread_t th; pthread_attr_t attr;
|                      pthread_create(&th,0,start_routine,0);
|                      pthread_join(th, 0);
|                      pthread_attr_init(&attr);
|                      pthread_cleanup_push(routine, 0);
|                      pthread_cleanup_pop(0);
|   ;
|   return 0;
| }
configure:19595: result: no
configure:19466: checking whether pthreads work without any flags
configure:19569: gcc-4.8 -o conftest -m32   -m32 conftest.c   >&5
/tmp/cciVBGHF.o: In function `main':
conftest.c:(.text+0x4c): undefined reference to `pthread_create'
conftest.c:(.text+0x60): undefined reference to `pthread_join'
conftest.c:(.text+0xbb): undefined reference to `__pthread_register_cancel'
conftest.c:(.text+0xc4): undefined reference to `__pthread_unregister_cancel'
collect2: error: ld returned 1 exit status
configure:19575: $? = 1
configure: failed program was:
| /* confdefs.h.  */
| #define PACKAGE_NAME "sleuthkit"
| #define PACKAGE_TARNAME "sleuthkit"
| #define PACKAGE_VERSION "4.1.3"
| #define PACKAGE_STRING "sleuthkit 4.1.3"
| #define PACKAGE_BUGREPORT ""
| #define PACKAGE "sleuthkit"
| #define VERSION "4.1.3"
| #define STDC_HEADERS 1
| #define HAVE_SYS_TYPES_H 1
| #define HAVE_SYS_STAT_H 1
| #define HAVE_STDLIB_H 1
| #define HAVE_STRING_H 1
| #define HAVE_MEMORY_H 1
| #define HAVE_STRINGS_H 1
| #define HAVE_INTTYPES_H 1
| #define HAVE_STDINT_H 1
| #define HAVE_UNISTD_H 1
| #define HAVE_DLFCN_H 1
| #define LT_OBJDIR ".libs/"
| #define STDC_HEADERS 1
| #define HAVE_ERR_H 1
| #define HAVE_INTTYPES_H 1
| #define HAVE_UNISTD_H 1
| #define HAVE_STDINT_H 1
| #define HAVE_SYS_PARAM_H 1
| #define HAVE_SYS_RESOURCE_H 1
| #define HAVE__BOOL 1
| #define HAVE_STDBOOL_H 1
| #define _FILE_OFFSET_BITS 64
| #define HAVE_ALLOCA_H 1
| #define HAVE_ALLOCA 1
| #define HAVE_FSEEKO 1
| #define LSTAT_FOLLOWS_SLASHED_SYMLINK 1
| #define LSTAT_FOLLOWS_SLASHED_SYMLINK 1
| #define HAVE_SYS_SELECT_H 1
| #define HAVE_SYS_SOCKET_H 1
| #define SELECT_TYPE_ARG1 int
| #define SELECT_TYPE_ARG234 (fd_set *)
| #define SELECT_TYPE_ARG5 (struct timeval *)
| #define HAVE_UTIME_H 1
| #define HAVE_UTIME_NULL 1
| #define HAVE_VPRINTF 1
| #define HAVE_ERR 1
| #define HAVE_ERRX 1
| #define HAVE_WARN 1
| #define HAVE_WARNX 1
| #define HAVE_VASPRINTF 1
| #define HAVE_GETRUSAGE 1
| /* end confdefs.h.  */
| #include <pthread.h>
| 		     static void routine(void* a) {a=0;}
| 		     static void* start_routine(void* a) {return a;}
| int
| main ()
| {
| pthread_t th; pthread_attr_t attr;
|                      pthread_create(&th,0,start_routine,0);
|                      pthread_join(th, 0);
|                      pthread_attr_init(&attr);
|                      pthread_cleanup_push(routine, 0);
|                      pthread_cleanup_pop(0);
|   ;
|   return 0;
| }
configure:19595: result: no
configure:19471: checking whether pthreads work with -Kthread
configure:19569: gcc-4.8 -o conftest -m32 -Kthread  -m32 conftest.c   >&5
gcc-4.8: error: unrecognized command line option '-Kthread'
configure:19575: $? = 1
configure: failed program was:
| /* confdefs.h.  */
| #define PACKAGE_NAME "sleuthkit"
| #define PACKAGE_TARNAME "sleuthkit"
| #define PACKAGE_VERSION "4.1.3"
| #define PACKAGE_STRING "sleuthkit 4.1.3"
| #define PACKAGE_BUGREPORT ""
| #define PACKAGE "sleuthkit"
| #define VERSION "4.1.3"
| #define STDC_HEADERS 1
| #define HAVE_SYS_TYPES_H 1
| #define HAVE_SYS_STAT_H 1
| #define HAVE_STDLIB_H 1
| #define HAVE_STRING_H 1
| #define HAVE_MEMORY_H 1
| #define HAVE_STRINGS_H 1
| #define HAVE_INTTYPES_H 1
| #define HAVE_STDINT_H 1
| #define HAVE_UNISTD_H 1
| #define HAVE_DLFCN_H 1
| #define LT_OBJDIR ".libs/"
| #define STDC_HEADERS 1
| #define HAVE_ERR_H 1
| #define HAVE_INTTYPES_H 1
| #define HAVE_UNISTD_H 1
| #define HAVE_STDINT_H 1
| #define HAVE_SYS_PARAM_H 1
| #define HAVE_SYS_RESOURCE_H 1
| #define HAVE__BOOL 1
| #define HAVE_STDBOOL_H 1
| #define _FILE_OFFSET_BITS 64
| #define HAVE_ALLOCA_H 1
| #define HAVE_ALLOCA 1
| #define HAVE_FSEEKO 1
| #define LSTAT_FOLLOWS_SLASHED_SYMLINK 1
| #define LSTAT_FOLLOWS_SLASHED_SYMLINK 1
| #define HAVE_SYS_SELECT_H 1
| #define HAVE_SYS_SOCKET_H 1
| #define SELECT_TYPE_ARG1 int
| #define SELECT_TYPE_ARG234 (fd_set *)
| #define SELECT_TYPE_ARG5 (struct timeval *)
| #define HAVE_UTIME_H 1
| #define HAVE_UTIME_NULL 1
| #define HAVE_VPRINTF 1
| #define HAVE_ERR 1
| #define HAVE_ERRX 1
| #define HAVE_WARN 1
| #define HAVE_WARNX 1
| #define HAVE_VASPRINTF 1
| #define HAVE_GETRUSAGE 1
| /* end confdefs.h.  */
| #include <pthread.h>
| 		     static void routine(void* a) {a=0;}
| 		     static void* start_routine(void* a) {return a;}
| int
| main ()
| {
| pthread_t th; pthread_attr_t attr;
|                      pthread_create(&th,0,start_routine,0);
|                      pthread_join(th, 0);
|                      pthread_attr_init(&attr);
|                      pthread_cleanup_push(routine, 0);
|                      pthread_cleanup_pop(0);
|   ;
|   return 0;
| }
configure:19595: result: no
configure:19471: checking whether pthreads work with -kthread
configure:19569: gcc-4.8 -o conftest -m32 -kthread  -m32 conftest.c   >&5
gcc-4.8: error: unrecognized command line option '-kthread'
configure:19575: $? = 1
configure: failed program was:
| /* confdefs.h.  */
| #define PACKAGE_NAME "sleuthkit"
| #define PACKAGE_TARNAME "sleuthkit"
| #define PACKAGE_VERSION "4.1.3"
| #define PACKAGE_STRING "sleuthkit 4.1.3"
| #define PACKAGE_BUGREPORT ""
| #define PACKAGE "sleuthkit"
| #define VERSION "4.1.3"
| #define STDC_HEADERS 1
| #define HAVE_SYS_TYPES_H 1
| #define HAVE_SYS_STAT_H 1
| #define HAVE_STDLIB_H 1
| #define HAVE_STRING_H 1
| #define HAVE_MEMORY_H 1
| #define HAVE_STRINGS_H 1
| #define HAVE_INTTYPES_H 1
| #define HAVE_STDINT_H 1
| #define HAVE_UNISTD_H 1
| #define HAVE_DLFCN_H 1
| #define LT_OBJDIR ".libs/"
| #define STDC_HEADERS 1
| #define HAVE_ERR_H 1
| #define HAVE_INTTYPES_H 1
| #define HAVE_UNISTD_H 1
| #define HAVE_STDINT_H 1
| #define HAVE_SYS_PARAM_H 1
| #define HAVE_SYS_RESOURCE_H 1
| #define HAVE__BOOL 1
| #define HAVE_STDBOOL_H 1
| #define _FILE_OFFSET_BITS 64
| #define HAVE_ALLOCA_H 1
| #define HAVE_ALLOCA 1
| #define HAVE_FSEEKO 1
| #define LSTAT_FOLLOWS_SLASHED_SYMLINK 1
| #define LSTAT_FOLLOWS_SLASHED_SYMLINK 1
| #define HAVE_SYS_SELECT_H 1
| #define HAVE_SYS_SOCKET_H 1
| #define SELECT_TYPE_ARG1 int
| #define SELECT_TYPE_ARG234 (fd_set *)
| #define SELECT_TYPE_ARG5 (struct timeval *)
| #define HAVE_UTIME_H 1
| #define HAVE_UTIME_NULL 1
| #define HAVE_VPRINTF 1
| #define HAVE_ERR 1
| #define HAVE_ERRX 1
| #define HAVE_WARN 1
| #define HAVE_WARNX 1
| #define HAVE_VASPRINTF 1
| #define HAVE_GETRUSAGE 1
| /* end confdefs.h.  */
| #include <pthread.h>
| 		     static void routine(void* a) {a=0;}
| 		     static void* start_routine(void* a) {return a;}
| int
| main ()
| {
| pthread_t th; pthread_attr_t attr;
|                      pthread_create(&th,0,start_routine,0);
|                      pthread_join(th, 0);
|                      pthread_attr_init(&attr);
|                      pthread_cleanup_push(routine, 0);
|                      pthread_cleanup_pop(0);
|   ;
|   return 0;
| }
configure:19595: result: no
configure:19521: checking for the pthreads library -llthread
configure:19569: gcc-4.8 -o conftest -m32   -m32 conftest.c -llthread  >&5
/usr/bin/ld: cannot find -llthread
collect2: error: ld returned 1 exit status
configure:19575: $? = 1
configure: failed program was:
| /* confdefs.h.  */
| #define PACKAGE_NAME "sleuthkit"
| #define PACKAGE_TARNAME "sleuthkit"
| #define PACKAGE_VERSION "4.1.3"
| #define PACKAGE_STRING "sleuthkit 4.1.3"
| #define PACKAGE_BUGREPORT ""
| #define PACKAGE "sleuthkit"
| #define VERSION "4.1.3"
| #define STDC_HEADERS 1
| #define HAVE_SYS_TYPES_H 1
| #define HAVE_SYS_STAT_H 1
| #define HAVE_STDLIB_H 1
| #define HAVE_STRING_H 1
| #define HAVE_MEMORY_H 1
| #define HAVE_STRINGS_H 1
| #define HAVE_INTTYPES_H 1
| #define HAVE_STDINT_H 1
| #define HAVE_UNISTD_H 1
| #define HAVE_DLFCN_H 1
| #define LT_OBJDIR ".libs/"
| #define STDC_HEADERS 1
| #define HAVE_ERR_H 1
| #define HAVE_INTTYPES_H 1
| #define HAVE_UNISTD_H 1
| #define HAVE_STDINT_H 1
| #define HAVE_SYS_PARAM_H 1
| #define HAVE_SYS_RESOURCE_H 1
| #define HAVE__BOOL 1
| #define HAVE_STDBOOL_H 1
| #define _FILE_OFFSET_BITS 64
| #define HAVE_ALLOCA_H 1
| #define HAVE_ALLOCA 1
| #define HAVE_FSEEKO 1
| #define LSTAT_FOLLOWS_SLASHED_SYMLINK 1
| #define LSTAT_FOLLOWS_SLASHED_SYMLINK 1
| #define HAVE_SYS_SELECT_H 1
| #define HAVE_SYS_SOCKET_H 1
| #define SELECT_TYPE_ARG1 int
| #define SELECT_TYPE_ARG234 (fd_set *)
| #define SELECT_TYPE_ARG5 (struct timeval *)
| #define HAVE_UTIME_H 1
| #define HAVE_UTIME_NULL 1
| #define HAVE_VPRINTF 1
| #define HAVE_ERR 1
| #define HAVE_ERRX 1
| #define HAVE_WARN 1
| #define HAVE_WARNX 1
| #define HAVE_VASPRINTF 1
| #define HAVE_GETRUSAGE 1
| /* end confdefs.h.  */
| #include <pthread.h>
| 		     static void routine(void* a) {a=0;}
| 		     static void* start_routine(void* a) {return a;}
| int
| main ()
| {
| pthread_t th; pthread_attr_t attr;
|                      pthread_create(&th,0,start_routine,0);
|                      pthread_join(th, 0);
|                      pthread_attr_init(&attr);
|                      pthread_cleanup_push(routine, 0);
|                      pthread_cleanup_pop(0);
|   ;
|   return 0;
| }
configure:19595: result: no
configure:19471: checking whether pthreads work with -pthread
configure:19569: gcc-4.8 -o conftest -m32 -pthread  -m32 conftest.c   >&5
configure:19575: $? = 0
configure:19595: result: yes
configure:19614: checking for joinable pthread attribute
configure:19639: gcc-4.8 -o conftest -m32 -pthread  -m32 conftest.c   >&5
configure:19645: $? = 0
configure:19662: result: PTHREAD_CREATE_JOINABLE
configure:19672: checking if more special flags are required for pthreads
configure:19679: result: no
configure:19783: checking for main in -lstdc++
configure:19812: gcc-4.8 -o conftest -m32  -pthread -I/usr/local/include -m32 -pthread -L/usr/local/lib conftest.c -lstdc++   >&5
configure:19818: $? = 0
configure:19836: result: yes
configure:19855: checking for list
configure:19878: gcc-4.8 -c -m32  -pthread -I/usr/local/include conftest.c >&5
conftest.c:53:1: error: expected identifier or '(' before '{' token
 { { echo "configure:19864: error: missing STL list class header" >&5
 ^
conftest.c:57:16: fatal error: list: No such file or directory
 #include <list>
                ^
compilation terminated.
configure:19884: $? = 1
configure: failed program was:
| /* confdefs.h.  */
| #define PACKAGE_NAME "sleuthkit"
| #define PACKAGE_TARNAME "sleuthkit"
| #define PACKAGE_VERSION "4.1.3"
| #define PACKAGE_STRING "sleuthkit 4.1.3"
| #define PACKAGE_BUGREPORT ""
| #define PACKAGE "sleuthkit"
| #define VERSION "4.1.3"
| #define STDC_HEADERS 1
| #define HAVE_SYS_TYPES_H 1
| #define HAVE_SYS_STAT_H 1
| #define HAVE_STDLIB_H 1
| #define HAVE_STRING_H 1
| #define HAVE_MEMORY_H 1
| #define HAVE_STRINGS_H 1
| #define HAVE_INTTYPES_H 1
| #define HAVE_STDINT_H 1
| #define HAVE_UNISTD_H 1
| #define HAVE_DLFCN_H 1
| #define LT_OBJDIR ".libs/"
| #define STDC_HEADERS 1
| #define HAVE_ERR_H 1
| #define HAVE_INTTYPES_H 1
| #define HAVE_UNISTD_H 1
| #define HAVE_STDINT_H 1
| #define HAVE_SYS_PARAM_H 1
| #define HAVE_SYS_RESOURCE_H 1
| #define HAVE__BOOL 1
| #define HAVE_STDBOOL_H 1
| #define _FILE_OFFSET_BITS 64
| #define HAVE_ALLOCA_H 1
| #define HAVE_ALLOCA 1
| #define HAVE_FSEEKO 1
| #define LSTAT_FOLLOWS_SLASHED_SYMLINK 1
| #define LSTAT_FOLLOWS_SLASHED_SYMLINK 1
| #define HAVE_SYS_SELECT_H 1
| #define HAVE_SYS_SOCKET_H 1
| #define SELECT_TYPE_ARG1 int
| #define SELECT_TYPE_ARG234 (fd_set *)
| #define SELECT_TYPE_ARG5 (struct timeval *)
| #define HAVE_UTIME_H 1
| #define HAVE_UTIME_NULL 1
| #define HAVE_VPRINTF 1
| #define HAVE_ERR 1
| #define HAVE_ERRX 1
| #define HAVE_WARN 1
| #define HAVE_WARNX 1
| #define HAVE_VASPRINTF 1
| #define HAVE_GETRUSAGE 1
| #define HAVE_PTHREAD 1
| #define HAVE_LIBSTDC__ 1
| /* end confdefs.h.  */
| { { echo "configure:19864: error: missing STL list class header" >&5
| echo "configure: error: missing STL list class header" >&2;}
|    { (exit 1); exit 1; }; }
| 
| #include <list>
configure:19900: result: no
configure:19915: checking for map
configure:19938: gcc-4.8 -c -m32  -pthread -I/usr/local/include conftest.c >&5
conftest.c:53:1: error: expected identifier or '(' before '{' token
 { { echo "configure:19924: error: missing STL map class header" >&5
 ^
conftest.c:57:15: fatal error: map: No such file or directory
 #include <map>
               ^
compilation terminated.
configure:19944: $? = 1
configure: failed program was:
| /* confdefs.h.  */
| #define PACKAGE_NAME "sleuthkit"
| #define PACKAGE_TARNAME "sleuthkit"
| #define PACKAGE_VERSION "4.1.3"
| #define PACKAGE_STRING "sleuthkit 4.1.3"
| #define PACKAGE_BUGREPORT ""
| #define PACKAGE "sleuthkit"
| #define VERSION "4.1.3"
| #define STDC_HEADERS 1
| #define HAVE_SYS_TYPES_H 1
| #define HAVE_SYS_STAT_H 1
| #define HAVE_STDLIB_H 1
| #define HAVE_STRING_H 1
| #define HAVE_MEMORY_H 1
| #define HAVE_STRINGS_H 1
| #define HAVE_INTTYPES_H 1
| #define HAVE_STDINT_H 1
| #define HAVE_UNISTD_H 1
| #define HAVE_DLFCN_H 1
| #define LT_OBJDIR ".libs/"
| #define STDC_HEADERS 1
| #define HAVE_ERR_H 1
| #define HAVE_INTTYPES_H 1
| #define HAVE_UNISTD_H 1
| #define HAVE_STDINT_H 1
| #define HAVE_SYS_PARAM_H 1
| #define HAVE_SYS_RESOURCE_H 1
| #define HAVE__BOOL 1
| #define HAVE_STDBOOL_H 1
| #define _FILE_OFFSET_BITS 64
| #define HAVE_ALLOCA_H 1
| #define HAVE_ALLOCA 1
| #define HAVE_FSEEKO 1
| #define LSTAT_FOLLOWS_SLASHED_SYMLINK 1
| #define LSTAT_FOLLOWS_SLASHED_SYMLINK 1
| #define HAVE_SYS_SELECT_H 1
| #define HAVE_SYS_SOCKET_H 1
| #define SELECT_TYPE_ARG1 int
| #define SELECT_TYPE_ARG234 (fd_set *)
| #define SELECT_TYPE_ARG5 (struct timeval *)
| #define HAVE_UTIME_H 1
| #define HAVE_UTIME_NULL 1
| #define HAVE_VPRINTF 1
| #define HAVE_ERR 1
| #define HAVE_ERRX 1
| #define HAVE_WARN 1
| #define HAVE_WARNX 1
| #define HAVE_VASPRINTF 1
| #define HAVE_GETRUSAGE 1
| #define HAVE_PTHREAD 1
| #define HAVE_LIBSTDC__ 1
| /* end confdefs.h.  */
| { { echo "configure:19924: error: missing STL map class header" >&5
| echo "configure: error: missing STL map class header" >&2;}
|    { (exit 1); exit 1; }; }
| 
| #include <map>
configure:19960: result: no
configure:19975: checking for queue
configure:19998: gcc-4.8 -c -m32  -pthread -I/usr/local/include conftest.c >&5
conftest.c:53:1: error: expected identifier or '(' before '{' token
 { { echo "configure:19984: error: missing STL queue class header" >&5
 ^
conftest.c:57:17: fatal error: queue: No such file or directory
 #include <queue>
                 ^
compilation terminated.
configure:20004: $? = 1
configure: failed program was:
| /* confdefs.h.  */
| #define PACKAGE_NAME "sleuthkit"
| #define PACKAGE_TARNAME "sleuthkit"
| #define PACKAGE_VERSION "4.1.3"
| #define PACKAGE_STRING "sleuthkit 4.1.3"
| #define PACKAGE_BUGREPORT ""
| #define PACKAGE "sleuthkit"
| #define VERSION "4.1.3"
| #define STDC_HEADERS 1
| #define HAVE_SYS_TYPES_H 1
| #define HAVE_SYS_STAT_H 1
| #define HAVE_STDLIB_H 1
| #define HAVE_STRING_H 1
| #define HAVE_MEMORY_H 1
| #define HAVE_STRINGS_H 1
| #define HAVE_INTTYPES_H 1
| #define HAVE_STDINT_H 1
| #define HAVE_UNISTD_H 1
| #define HAVE_DLFCN_H 1
| #define LT_OBJDIR ".libs/"
| #define STDC_HEADERS 1
| #define HAVE_ERR_H 1
| #define HAVE_INTTYPES_H 1
| #define HAVE_UNISTD_H 1
| #define HAVE_STDINT_H 1
| #define HAVE_SYS_PARAM_H 1
| #define HAVE_SYS_RESOURCE_H 1
| #define HAVE__BOOL 1
| #define HAVE_STDBOOL_H 1
| #define _FILE_OFFSET_BITS 64
| #define HAVE_ALLOCA_H 1
| #define HAVE_ALLOCA 1
| #define HAVE_FSEEKO 1
| #define LSTAT_FOLLOWS_SLASHED_SYMLINK 1
| #define LSTAT_FOLLOWS_SLASHED_SYMLINK 1
| #define HAVE_SYS_SELECT_H 1
| #define HAVE_SYS_SOCKET_H 1
| #define SELECT_TYPE_ARG1 int
| #define SELECT_TYPE_ARG234 (fd_set *)
| #define SELECT_TYPE_ARG5 (struct timeval *)
| #define HAVE_UTIME_H 1
| #define HAVE_UTIME_NULL 1
| #define HAVE_VPRINTF 1
| #define HAVE_ERR 1
| #define HAVE_ERRX 1
| #define HAVE_WARN 1
| #define HAVE_WARNX 1
| #define HAVE_VASPRINTF 1
| #define HAVE_GETRUSAGE 1
| #define HAVE_PTHREAD 1
| #define HAVE_LIBSTDC__ 1
| /* end confdefs.h.  */
| { { echo "configure:19984: error: missing STL queue class header" >&5
| echo "configure: error: missing STL queue class header" >&2;}
|    { (exit 1); exit 1; }; }
| 
| #include <queue>
configure:20020: result: no
configure:20035: checking for set
configure:20058: gcc-4.8 -c -m32  -pthread -I/usr/local/include conftest.c >&5
conftest.c:53:1: error: expected identifier or '(' before '{' token
 { { echo "configure:20044: error: missing STL set class header" >&5
 ^
conftest.c:57:15: fatal error: set: No such file or directory
 #include <set>
               ^
compilation terminated.
configure:20064: $? = 1
configure: failed program was:
| /* confdefs.h.  */
| #define PACKAGE_NAME "sleuthkit"
| #define PACKAGE_TARNAME "sleuthkit"
| #define PACKAGE_VERSION "4.1.3"
| #define PACKAGE_STRING "sleuthkit 4.1.3"
| #define PACKAGE_BUGREPORT ""
| #define PACKAGE "sleuthkit"
| #define VERSION "4.1.3"
| #define STDC_HEADERS 1
| #define HAVE_SYS_TYPES_H 1
| #define HAVE_SYS_STAT_H 1
| #define HAVE_STDLIB_H 1
| #define HAVE_STRING_H 1
| #define HAVE_MEMORY_H 1
| #define HAVE_STRINGS_H 1
| #define HAVE_INTTYPES_H 1
| #define HAVE_STDINT_H 1
| #define HAVE_UNISTD_H 1
| #define HAVE_DLFCN_H 1
| #define LT_OBJDIR ".libs/"
| #define STDC_HEADERS 1
| #define HAVE_ERR_H 1
| #define HAVE_INTTYPES_H 1
| #define HAVE_UNISTD_H 1
| #define HAVE_STDINT_H 1
| #define HAVE_SYS_PARAM_H 1
| #define HAVE_SYS_RESOURCE_H 1
| #define HAVE__BOOL 1
| #define HAVE_STDBOOL_H 1
| #define _FILE_OFFSET_BITS 64
| #define HAVE_ALLOCA_H 1
| #define HAVE_ALLOCA 1
| #define HAVE_FSEEKO 1
| #define LSTAT_FOLLOWS_SLASHED_SYMLINK 1
| #define LSTAT_FOLLOWS_SLASHED_SYMLINK 1
| #define HAVE_SYS_SELECT_H 1
| #define HAVE_SYS_SOCKET_H 1
| #define SELECT_TYPE_ARG1 int
| #define SELECT_TYPE_ARG234 (fd_set *)
| #define SELECT_TYPE_ARG5 (struct timeval *)
| #define HAVE_UTIME_H 1
| #define HAVE_UTIME_NULL 1
| #define HAVE_VPRINTF 1
| #define HAVE_ERR 1
| #define HAVE_ERRX 1
| #define HAVE_WARN 1
| #define HAVE_WARNX 1
| #define HAVE_VASPRINTF 1
| #define HAVE_GETRUSAGE 1
| #define HAVE_PTHREAD 1
| #define HAVE_LIBSTDC__ 1
| /* end confdefs.h.  */
| { { echo "configure:20044: error: missing STL set class header" >&5
| echo "configure: error: missing STL set class header" >&2;}
|    { (exit 1); exit 1; }; }
| 
| #include <set>
configure:20080: result: no
configure:20095: checking for stack
configure:20118: gcc-4.8 -c -m32  -pthread -I/usr/local/include conftest.c >&5
conftest.c:53:1: error: expected identifier or '(' before '{' token
 { { echo "configure:20104: error: missing STL stack class header" >&5
 ^
conftest.c:57:17: fatal error: stack: No such file or directory
 #include <stack>
                 ^
compilation terminated.
configure:20124: $? = 1
configure: failed program was:
| /* confdefs.h.  */
| #define PACKAGE_NAME "sleuthkit"
| #define PACKAGE_TARNAME "sleuthkit"
| #define PACKAGE_VERSION "4.1.3"
| #define PACKAGE_STRING "sleuthkit 4.1.3"
| #define PACKAGE_BUGREPORT ""
| #define PACKAGE "sleuthkit"
| #define VERSION "4.1.3"
| #define STDC_HEADERS 1
| #define HAVE_SYS_TYPES_H 1
| #define HAVE_SYS_STAT_H 1
| #define HAVE_STDLIB_H 1
| #define HAVE_STRING_H 1
| #define HAVE_MEMORY_H 1
| #define HAVE_STRINGS_H 1
| #define HAVE_INTTYPES_H 1
| #define HAVE_STDINT_H 1
| #define HAVE_UNISTD_H 1
| #define HAVE_DLFCN_H 1
| #define LT_OBJDIR ".libs/"
| #define STDC_HEADERS 1
| #define HAVE_ERR_H 1
| #define HAVE_INTTYPES_H 1
| #define HAVE_UNISTD_H 1
| #define HAVE_STDINT_H 1
| #define HAVE_SYS_PARAM_H 1
| #define HAVE_SYS_RESOURCE_H 1
| #define HAVE__BOOL 1
| #define HAVE_STDBOOL_H 1
| #define _FILE_OFFSET_BITS 64
| #define HAVE_ALLOCA_H 1
| #define HAVE_ALLOCA 1
| #define HAVE_FSEEKO 1
| #define LSTAT_FOLLOWS_SLASHED_SYMLINK 1
| #define LSTAT_FOLLOWS_SLASHED_SYMLINK 1
| #define HAVE_SYS_SELECT_H 1
| #define HAVE_SYS_SOCKET_H 1
| #define SELECT_TYPE_ARG1 int
| #define SELECT_TYPE_ARG234 (fd_set *)
| #define SELECT_TYPE_ARG5 (struct timeval *)
| #define HAVE_UTIME_H 1
| #define HAVE_UTIME_NULL 1
| #define HAVE_VPRINTF 1
| #define HAVE_ERR 1
| #define HAVE_ERRX 1
| #define HAVE_WARN 1
| #define HAVE_WARNX 1
| #define HAVE_VASPRINTF 1
| #define HAVE_GETRUSAGE 1
| #define HAVE_PTHREAD 1
| #define HAVE_LIBSTDC__ 1
| /* end confdefs.h.  */
| { { echo "configure:20104: error: missing STL stack class header" >&5
| echo "configure: error: missing STL stack class header" >&2;}
|    { (exit 1); exit 1; }; }
| 
| #include <stack>
configure:20140: result: no
configure:20155: checking for streambuf
configure:20178: gcc-4.8 -c -m32  -pthread -I/usr/local/include conftest.c >&5
conftest.c:53:1: error: expected identifier or '(' before '{' token
 { { echo "configure:20164: error: missing STL streambuf class header" >&5
 ^
conftest.c:57:21: fatal error: streambuf: No such file or directory
 #include <streambuf>
                     ^
compilation terminated.
configure:20184: $? = 1
configure: failed program was:
| /* confdefs.h.  */
| #define PACKAGE_NAME "sleuthkit"
| #define PACKAGE_TARNAME "sleuthkit"
| #define PACKAGE_VERSION "4.1.3"
| #define PACKAGE_STRING "sleuthkit 4.1.3"
| #define PACKAGE_BUGREPORT ""
| #define PACKAGE "sleuthkit"
| #define VERSION "4.1.3"
| #define STDC_HEADERS 1
| #define HAVE_SYS_TYPES_H 1
| #define HAVE_SYS_STAT_H 1
| #define HAVE_STDLIB_H 1
| #define HAVE_STRING_H 1
| #define HAVE_MEMORY_H 1
| #define HAVE_STRINGS_H 1
| #define HAVE_INTTYPES_H 1
| #define HAVE_STDINT_H 1
| #define HAVE_UNISTD_H 1
| #define HAVE_DLFCN_H 1
| #define LT_OBJDIR ".libs/"
| #define STDC_HEADERS 1
| #define HAVE_ERR_H 1
| #define HAVE_INTTYPES_H 1
| #define HAVE_UNISTD_H 1
| #define HAVE_STDINT_H 1
| #define HAVE_SYS_PARAM_H 1
| #define HAVE_SYS_RESOURCE_H 1
| #define HAVE__BOOL 1
| #define HAVE_STDBOOL_H 1
| #define _FILE_OFFSET_BITS 64
| #define HAVE_ALLOCA_H 1
| #define HAVE_ALLOCA 1
| #define HAVE_FSEEKO 1
| #define LSTAT_FOLLOWS_SLASHED_SYMLINK 1
| #define LSTAT_FOLLOWS_SLASHED_SYMLINK 1
| #define HAVE_SYS_SELECT_H 1
| #define HAVE_SYS_SOCKET_H 1
| #define SELECT_TYPE_ARG1 int
| #define SELECT_TYPE_ARG234 (fd_set *)
| #define SELECT_TYPE_ARG5 (struct timeval *)
| #define HAVE_UTIME_H 1
| #define HAVE_UTIME_NULL 1
| #define HAVE_VPRINTF 1
| #define HAVE_ERR 1
| #define HAVE_ERRX 1
| #define HAVE_WARN 1
| #define HAVE_WARNX 1
| #define HAVE_VASPRINTF 1
| #define HAVE_GETRUSAGE 1
| #define HAVE_PTHREAD 1
| #define HAVE_LIBSTDC__ 1
| /* end confdefs.h.  */
| { { echo "configure:20164: error: missing STL streambuf class header" >&5
| echo "configure: error: missing STL streambuf class header" >&2;}
|    { (exit 1); exit 1; }; }
| 
| #include <streambuf>
configure:20200: result: no
configure:20215: checking for string
configure:20238: gcc-4.8 -c -m32  -pthread -I/usr/local/include conftest.c >&5
conftest.c:53:1: error: expected identifier or '(' before '{' token
 { { echo "configure:20224: error: missing STL string class header" >&5
 ^
conftest.c:57:18: fatal error: string: No such file or directory
 #include <string>
                  ^
compilation terminated.
configure:20244: $? = 1
configure: failed program was:
| /* confdefs.h.  */
| #define PACKAGE_NAME "sleuthkit"
| #define PACKAGE_TARNAME "sleuthkit"
| #define PACKAGE_VERSION "4.1.3"
| #define PACKAGE_STRING "sleuthkit 4.1.3"
| #define PACKAGE_BUGREPORT ""
| #define PACKAGE "sleuthkit"
| #define VERSION "4.1.3"
| #define STDC_HEADERS 1
| #define HAVE_SYS_TYPES_H 1
| #define HAVE_SYS_STAT_H 1
| #define HAVE_STDLIB_H 1
| #define HAVE_STRING_H 1
| #define HAVE_MEMORY_H 1
| #define HAVE_STRINGS_H 1
| #define HAVE_INTTYPES_H 1
| #define HAVE_STDINT_H 1
| #define HAVE_UNISTD_H 1
| #define HAVE_DLFCN_H 1
| #define LT_OBJDIR ".libs/"
| #define STDC_HEADERS 1
| #define HAVE_ERR_H 1
| #define HAVE_INTTYPES_H 1
| #define HAVE_UNISTD_H 1
| #define HAVE_STDINT_H 1
| #define HAVE_SYS_PARAM_H 1
| #define HAVE_SYS_RESOURCE_H 1
| #define HAVE__BOOL 1
| #define HAVE_STDBOOL_H 1
| #define _FILE_OFFSET_BITS 64
| #define HAVE_ALLOCA_H 1
| #define HAVE_ALLOCA 1
| #define HAVE_FSEEKO 1
| #define LSTAT_FOLLOWS_SLASHED_SYMLINK 1
| #define LSTAT_FOLLOWS_SLASHED_SYMLINK 1
| #define HAVE_SYS_SELECT_H 1
| #define HAVE_SYS_SOCKET_H 1
| #define SELECT_TYPE_ARG1 int
| #define SELECT_TYPE_ARG234 (fd_set *)
| #define SELECT_TYPE_ARG5 (struct timeval *)
| #define HAVE_UTIME_H 1
| #define HAVE_UTIME_NULL 1
| #define HAVE_VPRINTF 1
| #define HAVE_ERR 1
| #define HAVE_ERRX 1
| #define HAVE_WARN 1
| #define HAVE_WARNX 1
| #define HAVE_VASPRINTF 1
| #define HAVE_GETRUSAGE 1
| #define HAVE_PTHREAD 1
| #define HAVE_LIBSTDC__ 1
| /* end confdefs.h.  */
| { { echo "configure:20224: error: missing STL string class header" >&5
| echo "configure: error: missing STL string class header" >&2;}
|    { (exit 1); exit 1; }; }
| 
| #include <string>
configure:20260: result: no
configure:20275: checking for vector
configure:20298: gcc-4.8 -c -m32  -pthread -I/usr/local/include conftest.c >&5
conftest.c:53:1: error: expected identifier or '(' before '{' token
 { { echo "configure:20284: error: missing STL vector class header" >&5
 ^
conftest.c:57:18: fatal error: vector: No such file or directory
 #include <vector>
                  ^
compilation terminated.
configure:20304: $? = 1
configure: failed program was:
| /* confdefs.h.  */
| #define PACKAGE_NAME "sleuthkit"
| #define PACKAGE_TARNAME "sleuthkit"
| #define PACKAGE_VERSION "4.1.3"
| #define PACKAGE_STRING "sleuthkit 4.1.3"
| #define PACKAGE_BUGREPORT ""
| #define PACKAGE "sleuthkit"
| #define VERSION "4.1.3"
| #define STDC_HEADERS 1
| #define HAVE_SYS_TYPES_H 1
| #define HAVE_SYS_STAT_H 1
| #define HAVE_STDLIB_H 1
| #define HAVE_STRING_H 1
| #define HAVE_MEMORY_H 1
| #define HAVE_STRINGS_H 1
| #define HAVE_INTTYPES_H 1
| #define HAVE_STDINT_H 1
| #define HAVE_UNISTD_H 1
| #define HAVE_DLFCN_H 1
| #define LT_OBJDIR ".libs/"
| #define STDC_HEADERS 1
| #define HAVE_ERR_H 1
| #define HAVE_INTTYPES_H 1
| #define HAVE_UNISTD_H 1
| #define HAVE_STDINT_H 1
| #define HAVE_SYS_PARAM_H 1
| #define HAVE_SYS_RESOURCE_H 1
| #define HAVE__BOOL 1
| #define HAVE_STDBOOL_H 1
| #define _FILE_OFFSET_BITS 64
| #define HAVE_ALLOCA_H 1
| #define HAVE_ALLOCA 1
| #define HAVE_FSEEKO 1
| #define LSTAT_FOLLOWS_SLASHED_SYMLINK 1
| #define LSTAT_FOLLOWS_SLASHED_SYMLINK 1
| #define HAVE_SYS_SELECT_H 1
| #define HAVE_SYS_SOCKET_H 1
| #define SELECT_TYPE_ARG1 int
| #define SELECT_TYPE_ARG234 (fd_set *)
| #define SELECT_TYPE_ARG5 (struct timeval *)
| #define HAVE_UTIME_H 1
| #define HAVE_UTIME_NULL 1
| #define HAVE_VPRINTF 1
| #define HAVE_ERR 1
| #define HAVE_ERRX 1
| #define HAVE_WARN 1
| #define HAVE_WARNX 1
| #define HAVE_VASPRINTF 1
| #define HAVE_GETRUSAGE 1
| #define HAVE_PTHREAD 1
| #define HAVE_LIBSTDC__ 1
| /* end confdefs.h.  */
| { { echo "configure:20284: error: missing STL vector class header" >&5
| echo "configure: error: missing STL vector class header" >&2;}
|    { (exit 1); exit 1; }; }
| 
| #include <vector>
configure:20320: result: no
configure:20334: checking for dlopen in -ldl
configure:20369: gcc-4.8 -o conftest -m32  -pthread -I/usr/local/include -m32 -pthread -L/usr/local/lib conftest.c -ldl  -lstdc++  >&5
configure:20375: $? = 0
configure:20393: result: yes
configure:20447: checking afflib/afflib.h usability
configure:20464: gcc-4.8 -c -m32  -pthread -I/usr/local/include conftest.c >&5
conftest.c:87:27: fatal error: afflib/afflib.h: No such file or directory
 #include <afflib/afflib.h>
                           ^
compilation terminated.
configure:20470: $? = 1
configure: failed program was:
| /* confdefs.h.  */
| #define PACKAGE_NAME "sleuthkit"
| #define PACKAGE_TARNAME "sleuthkit"
| #define PACKAGE_VERSION "4.1.3"
| #define PACKAGE_STRING "sleuthkit 4.1.3"
| #define PACKAGE_BUGREPORT ""
| #define PACKAGE "sleuthkit"
| #define VERSION "4.1.3"
| #define STDC_HEADERS 1
| #define HAVE_SYS_TYPES_H 1
| #define HAVE_SYS_STAT_H 1
| #define HAVE_STDLIB_H 1
| #define HAVE_STRING_H 1
| #define HAVE_MEMORY_H 1
| #define HAVE_STRINGS_H 1
| #define HAVE_INTTYPES_H 1
| #define HAVE_STDINT_H 1
| #define HAVE_UNISTD_H 1
| #define HAVE_DLFCN_H 1
| #define LT_OBJDIR ".libs/"
| #define STDC_HEADERS 1
| #define HAVE_ERR_H 1
| #define HAVE_INTTYPES_H 1
| #define HAVE_UNISTD_H 1
| #define HAVE_STDINT_H 1
| #define HAVE_SYS_PARAM_H 1
| #define HAVE_SYS_RESOURCE_H 1
| #define HAVE__BOOL 1
| #define HAVE_STDBOOL_H 1
| #define _FILE_OFFSET_BITS 64
| #define HAVE_ALLOCA_H 1
| #define HAVE_ALLOCA 1
| #define HAVE_FSEEKO 1
| #define LSTAT_FOLLOWS_SLASHED_SYMLINK 1
| #define LSTAT_FOLLOWS_SLASHED_SYMLINK 1
| #define HAVE_SYS_SELECT_H 1
| #define HAVE_SYS_SOCKET_H 1
| #define SELECT_TYPE_ARG1 int
| #define SELECT_TYPE_ARG234 (fd_set *)
| #define SELECT_TYPE_ARG5 (struct timeval *)
| #define HAVE_UTIME_H 1
| #define HAVE_UTIME_NULL 1
| #define HAVE_VPRINTF 1
| #define HAVE_ERR 1
| #define HAVE_ERRX 1
| #define HAVE_WARN 1
| #define HAVE_WARNX 1
| #define HAVE_VASPRINTF 1
| #define HAVE_GETRUSAGE 1
| #define HAVE_PTHREAD 1
| #define HAVE_LIBSTDC__ 1
| #define HAVE_LIBDL 1
| /* end confdefs.h.  */
| #include <stdio.h>
| #ifdef HAVE_SYS_TYPES_H
| # include <sys/types.h>
| #endif
| #ifdef HAVE_SYS_STAT_H
| # include <sys/stat.h>
| #endif
| #ifdef STDC_HEADERS
| # include <stdlib.h>
| # include <stddef.h>
| #else
| # ifdef HAVE_STDLIB_H
| #  include <stdlib.h>
| # endif
| #endif
| #ifdef HAVE_STRING_H
| # if !defined STDC_HEADERS && defined HAVE_MEMORY_H
| #  include <memory.h>
| # endif
| # include <string.h>
| #endif
| #ifdef HAVE_STRINGS_H
| # include <strings.h>
| #endif
| #ifdef HAVE_INTTYPES_H
| # include <inttypes.h>
| #endif
| #ifdef HAVE_STDINT_H
| # include <stdint.h>
| #endif
| #ifdef HAVE_UNISTD_H
| # include <unistd.h>
| #endif
| #include <afflib/afflib.h>
configure:20484: result: no
configure:20488: checking afflib/afflib.h presence
configure:20503: gcc-4.8 -E  -pthread -I/usr/local/include conftest.c
conftest.c:54:27: fatal error: afflib/afflib.h: No such file or directory
 #include <afflib/afflib.h>
                           ^
compilation terminated.
configure:20509: $? = 1
configure: failed program was:
| /* confdefs.h.  */
| #define PACKAGE_NAME "sleuthkit"
| #define PACKAGE_TARNAME "sleuthkit"
| #define PACKAGE_VERSION "4.1.3"
| #define PACKAGE_STRING "sleuthkit 4.1.3"
| #define PACKAGE_BUGREPORT ""
| #define PACKAGE "sleuthkit"
| #define VERSION "4.1.3"
| #define STDC_HEADERS 1
| #define HAVE_SYS_TYPES_H 1
| #define HAVE_SYS_STAT_H 1
| #define HAVE_STDLIB_H 1
| #define HAVE_STRING_H 1
| #define HAVE_MEMORY_H 1
| #define HAVE_STRINGS_H 1
| #define HAVE_INTTYPES_H 1
| #define HAVE_STDINT_H 1
| #define HAVE_UNISTD_H 1
| #define HAVE_DLFCN_H 1
| #define LT_OBJDIR ".libs/"
| #define STDC_HEADERS 1
| #define HAVE_ERR_H 1
| #define HAVE_INTTYPES_H 1
| #define HAVE_UNISTD_H 1
| #define HAVE_STDINT_H 1
| #define HAVE_SYS_PARAM_H 1
| #define HAVE_SYS_RESOURCE_H 1
| #define HAVE__BOOL 1
| #define HAVE_STDBOOL_H 1
| #define _FILE_OFFSET_BITS 64
| #define HAVE_ALLOCA_H 1
| #define HAVE_ALLOCA 1
| #define HAVE_FSEEKO 1
| #define LSTAT_FOLLOWS_SLASHED_SYMLINK 1
| #define LSTAT_FOLLOWS_SLASHED_SYMLINK 1
| #define HAVE_SYS_SELECT_H 1
| #define HAVE_SYS_SOCKET_H 1
| #define SELECT_TYPE_ARG1 int
| #define SELECT_TYPE_ARG234 (fd_set *)
| #define SELECT_TYPE_ARG5 (struct timeval *)
| #define HAVE_UTIME_H 1
| #define HAVE_UTIME_NULL 1
| #define HAVE_VPRINTF 1
| #define HAVE_ERR 1
| #define HAVE_ERRX 1
| #define HAVE_WARN 1
| #define HAVE_WARNX 1
| #define HAVE_VASPRINTF 1
| #define HAVE_GETRUSAGE 1
| #define HAVE_PTHREAD 1
| #define HAVE_LIBSTDC__ 1
| #define HAVE_LIBDL 1
| /* end confdefs.h.  */
| #include <afflib/afflib.h>
configure:20523: result: no
configure:20551: checking for afflib/afflib.h
configure:20559: result: no
configure:20664: checking for zlib
configure:20699: checking zlib.h usability
configure:20716: gcc-4.8 -c -m32  -pthread -I/usr/local/include conftest.c >&5
configure:20722: $? = 0
configure:20736: result: yes
configure:20740: checking zlib.h presence
configure:20755: gcc-4.8 -E  -pthread -I/usr/local/include conftest.c
configure:20761: $? = 0
configure:20775: result: yes
configure:20803: checking for zlib.h
configure:20811: result: yes
configure:20820: checking for inflate in -lz
configure:20855: gcc-4.8 -o conftest -m32  -pthread -I/usr/local/include -m32 -pthread -L/usr/local/lib conftest.c -lz  -ldl -lstdc++  >&5
configure:20861: $? = 0
configure:20879: result: yes
configure:20918: checking for dlopen in -ldl
configure:20977: result: yes
configure:21030: checking libewf.h usability
configure:21047: gcc-4.8 -c -m32  -pthread -I/usr/local/include conftest.c >&5
conftest.c:90:20: fatal error: libewf.h: No such file or directory
 #include <libewf.h>
                    ^
compilation terminated.
configure:21053: $? = 1
configure: failed program was:
| /* confdefs.h.  */
| #define PACKAGE_NAME "sleuthkit"
| #define PACKAGE_TARNAME "sleuthkit"
| #define PACKAGE_VERSION "4.1.3"
| #define PACKAGE_STRING "sleuthkit 4.1.3"
| #define PACKAGE_BUGREPORT ""
| #define PACKAGE "sleuthkit"
| #define VERSION "4.1.3"
| #define STDC_HEADERS 1
| #define HAVE_SYS_TYPES_H 1
| #define HAVE_SYS_STAT_H 1
| #define HAVE_STDLIB_H 1
| #define HAVE_STRING_H 1
| #define HAVE_MEMORY_H 1
| #define HAVE_STRINGS_H 1
| #define HAVE_INTTYPES_H 1
| #define HAVE_STDINT_H 1
| #define HAVE_UNISTD_H 1
| #define HAVE_DLFCN_H 1
| #define LT_OBJDIR ".libs/"
| #define STDC_HEADERS 1
| #define HAVE_ERR_H 1
| #define HAVE_INTTYPES_H 1
| #define HAVE_UNISTD_H 1
| #define HAVE_STDINT_H 1
| #define HAVE_SYS_PARAM_H 1
| #define HAVE_SYS_RESOURCE_H 1
| #define HAVE__BOOL 1
| #define HAVE_STDBOOL_H 1
| #define _FILE_OFFSET_BITS 64
| #define HAVE_ALLOCA_H 1
| #define HAVE_ALLOCA 1
| #define HAVE_FSEEKO 1
| #define LSTAT_FOLLOWS_SLASHED_SYMLINK 1
| #define LSTAT_FOLLOWS_SLASHED_SYMLINK 1
| #define HAVE_SYS_SELECT_H 1
| #define HAVE_SYS_SOCKET_H 1
| #define SELECT_TYPE_ARG1 int
| #define SELECT_TYPE_ARG234 (fd_set *)
| #define SELECT_TYPE_ARG5 (struct timeval *)
| #define HAVE_UTIME_H 1
| #define HAVE_UTIME_NULL 1
| #define HAVE_VPRINTF 1
| #define HAVE_ERR 1
| #define HAVE_ERRX 1
| #define HAVE_WARN 1
| #define HAVE_WARNX 1
| #define HAVE_VASPRINTF 1
| #define HAVE_GETRUSAGE 1
| #define HAVE_PTHREAD 1
| #define HAVE_LIBSTDC__ 1
| #define HAVE_LIBDL 1
| #define HAVE_ZLIB_H 1
| #define HAVE_LIBZ 1
| #define HAVE_LIBDL 1
| /* end confdefs.h.  */
| #include <stdio.h>
| #ifdef HAVE_SYS_TYPES_H
| # include <sys/types.h>
| #endif
| #ifdef HAVE_SYS_STAT_H
| # include <sys/stat.h>
| #endif
| #ifdef STDC_HEADERS
| # include <stdlib.h>
| # include <stddef.h>
| #else
| # ifdef HAVE_STDLIB_H
| #  include <stdlib.h>
| # endif
| #endif
| #ifdef HAVE_STRING_H
| # if !defined STDC_HEADERS && defined HAVE_MEMORY_H
| #  include <memory.h>
| # endif
| # include <string.h>
| #endif
| #ifdef HAVE_STRINGS_H
| # include <strings.h>
| #endif
| #ifdef HAVE_INTTYPES_H
| # include <inttypes.h>
| #endif
| #ifdef HAVE_STDINT_H
| # include <stdint.h>
| #endif
| #ifdef HAVE_UNISTD_H
| # include <unistd.h>
| #endif
| #include <libewf.h>
configure:21067: result: no
configure:21071: checking libewf.h presence
configure:21086: gcc-4.8 -E  -pthread -I/usr/local/include conftest.c
conftest.c:57:20: fatal error: libewf.h: No such file or directory
 #include <libewf.h>
                    ^
compilation terminated.
configure:21092: $? = 1
configure: failed program was:
| /* confdefs.h.  */
| #define PACKAGE_NAME "sleuthkit"
| #define PACKAGE_TARNAME "sleuthkit"
| #define PACKAGE_VERSION "4.1.3"
| #define PACKAGE_STRING "sleuthkit 4.1.3"
| #define PACKAGE_BUGREPORT ""
| #define PACKAGE "sleuthkit"
| #define VERSION "4.1.3"
| #define STDC_HEADERS 1
| #define HAVE_SYS_TYPES_H 1
| #define HAVE_SYS_STAT_H 1
| #define HAVE_STDLIB_H 1
| #define HAVE_STRING_H 1
| #define HAVE_MEMORY_H 1
| #define HAVE_STRINGS_H 1
| #define HAVE_INTTYPES_H 1
| #define HAVE_STDINT_H 1
| #define HAVE_UNISTD_H 1
| #define HAVE_DLFCN_H 1
| #define LT_OBJDIR ".libs/"
| #define STDC_HEADERS 1
| #define HAVE_ERR_H 1
| #define HAVE_INTTYPES_H 1
| #define HAVE_UNISTD_H 1
| #define HAVE_STDINT_H 1
| #define HAVE_SYS_PARAM_H 1
| #define HAVE_SYS_RESOURCE_H 1
| #define HAVE__BOOL 1
| #define HAVE_STDBOOL_H 1
| #define _FILE_OFFSET_BITS 64
| #define HAVE_ALLOCA_H 1
| #define HAVE_ALLOCA 1
| #define HAVE_FSEEKO 1
| #define LSTAT_FOLLOWS_SLASHED_SYMLINK 1
| #define LSTAT_FOLLOWS_SLASHED_SYMLINK 1
| #define HAVE_SYS_SELECT_H 1
| #define HAVE_SYS_SOCKET_H 1
| #define SELECT_TYPE_ARG1 int
| #define SELECT_TYPE_ARG234 (fd_set *)
| #define SELECT_TYPE_ARG5 (struct timeval *)
| #define HAVE_UTIME_H 1
| #define HAVE_UTIME_NULL 1
| #define HAVE_VPRINTF 1
| #define HAVE_ERR 1
| #define HAVE_ERRX 1
| #define HAVE_WARN 1
| #define HAVE_WARNX 1
| #define HAVE_VASPRINTF 1
| #define HAVE_GETRUSAGE 1
| #define HAVE_PTHREAD 1
| #define HAVE_LIBSTDC__ 1
| #define HAVE_LIBDL 1
| #define HAVE_ZLIB_H 1
| #define HAVE_LIBZ 1
| #define HAVE_LIBDL 1
| /* end confdefs.h.  */
| #include <libewf.h>
configure:21106: result: no
configure:21134: checking for libewf.h
configure:21142: result: no
configure:21238: checking for library containing dlopen
configure:21279: gcc-4.8 -o conftest -m32  -pthread -I/usr/local/include -m32 -pthread -L/usr/local/lib conftest.c -ldl -lz -ldl -lstdc++  >&5
configure:21285: $? = 0
configure:21313: result: none required
configure:22158: creating ./config.status

## ---------------------- ##
## Running config.status. ##
## ---------------------- ##

This file was extended by sleuthkit config.status 4.1.3, which was
generated by GNU Autoconf 2.61.  Invocation command line was

  CONFIG_FILES    = 
  CONFIG_HEADERS  = 
  CONFIG_LINKS    = 
  CONFIG_COMMANDS = 
  $ ./config.status 

on zhenxiao-pc

config.status:958: creating Makefile
config.status:958: creating tsk/Makefile
config.status:958: creating tsk/base/Makefile
config.status:958: creating tsk/img/Makefile
config.status:958: creating tsk/vs/Makefile
config.status:958: creating tsk/fs/Makefile
config.status:958: creating tsk/hashdb/Makefile
config.status:958: creating tsk/auto/Makefile
config.status:958: creating tools/Makefile
config.status:958: creating tools/imgtools/Makefile
config.status:958: creating tools/vstools/Makefile
config.status:958: creating tools/fstools/Makefile
config.status:958: creating tools/hashtools/Makefile
config.status:958: creating tools/srchtools/Makefile
config.status:958: creating tools/autotools/Makefile
config.status:958: creating tools/sorter/Makefile
config.status:958: creating tools/timeline/Makefile
config.status:958: creating tools/fiwalk/Makefile
config.status:958: creating tools/fiwalk/src/Makefile
config.status:958: creating tools/fiwalk/plugins/Makefile
config.status:958: creating tests/Makefile
config.status:958: creating samples/Makefile
config.status:958: creating man/Makefile
config.status:958: creating bindings/java/Makefile
config.status:958: creating bindings/java/jni/Makefile
config.status:958: creating unit_tests/Makefile
config.status:958: creating unit_tests/base/Makefile
config.status:958: creating tsk/tsk_config.h
config.status:1228: tsk/tsk_config.h is unchanged
config.status:1274: executing depfiles commands
config.status:1274: executing libtool commands
config.status:1274: executing tsk/tsk_incs.h commands
configure:24673:
Building:
   afflib support:                        no
   libewf support:                        no
   zlib support:                          yes

Features:
   Java/JNI support:                      no


## ---------------- ##
## Cache variables. ##
## ---------------- ##

ac_cv_build=x86_64-unknown-linux-gnu
ac_cv_c_compiler_gnu=yes
ac_cv_c_const=yes
ac_cv_cxx_compiler_gnu=yes
ac_cv_env_CCC_set=
ac_cv_env_CCC_value=
ac_cv_env_CC_set=set
ac_cv_env_CC_value=gcc-4.8
ac_cv_env_CFLAGS_set=set
ac_cv_env_CFLAGS_value=-m32
ac_cv_env_CPPFLAGS_set=
ac_cv_env_CPPFLAGS_value=
ac_cv_env_CPP_set=
ac_cv_env_CPP_value=
ac_cv_env_CXXCPP_set=
ac_cv_env_CXXCPP_value=
ac_cv_env_CXXFLAGS_set=set
ac_cv_env_CXXFLAGS_value=-m32
ac_cv_env_CXX_set=set
ac_cv_env_CXX_value=g++-4.8
ac_cv_env_LDFLAGS_set=set
ac_cv_env_LDFLAGS_value=-m32
ac_cv_env_LIBS_set=
ac_cv_env_LIBS_value=
ac_cv_env_build_alias_set=
ac_cv_env_build_alias_value=
ac_cv_env_host_alias_set=
ac_cv_env_host_alias_value=
ac_cv_env_target_alias_set=
ac_cv_env_target_alias_value=
ac_cv_func__doprnt=no
ac_cv_func_alloca_works=yes
ac_cv_func_err=yes
ac_cv_func_errx=yes
ac_cv_func_getrusage=yes
ac_cv_func_ishexnumber=no
ac_cv_func_lstat_dereferences_slashed_symlink=yes
ac_cv_func_lstat_empty_string_bug=no
ac_cv_func_select_args='int,fd_set *,struct timeval *'
ac_cv_func_strlcat=no
ac_cv_func_strlcpy=no
ac_cv_func_utime_null=yes
ac_cv_func_vasprintf=yes
ac_cv_func_vprintf=yes
ac_cv_func_warn=yes
ac_cv_func_warnx=yes
ac_cv_header_afflib_afflib_h=no
ac_cv_header_dlfcn_h=yes
ac_cv_header_err_h=yes
ac_cv_header_inttypes_h=yes
ac_cv_header_libewf_h=no
ac_cv_header_list=no
ac_cv_header_map=no
ac_cv_header_memory_h=yes
ac_cv_header_queue=no
ac_cv_header_set=no
ac_cv_header_stack=no
ac_cv_header_stdbool_h=yes
ac_cv_header_stdc=yes
ac_cv_header_stdint_h=yes
ac_cv_header_stdlib_h=yes
ac_cv_header_streambuf=no
ac_cv_header_string=no
ac_cv_header_string_h=yes
ac_cv_header_strings_h=yes
ac_cv_header_sys_param_h=yes
ac_cv_header_sys_resource_h=yes
ac_cv_header_sys_select_h=yes
ac_cv_header_sys_socket_h=yes
ac_cv_header_sys_stat_h=yes
ac_cv_header_sys_types_h=yes
ac_cv_header_unistd_h=yes
ac_cv_header_utime_h=yes
ac_cv_header_vector=no
ac_cv_header_zlib_h=yes
ac_cv_host=x86_64-unknown-linux-gnu
ac_cv_lib_dl_dlopen=yes
ac_cv_lib_error_at_line=yes
ac_cv_lib_stdcpp_main=yes
ac_cv_lib_z_inflate=yes
ac_cv_objext=o
ac_cv_path_CPPUNIT_CONFIG=no
ac_cv_path_EGREP='/bin/grep -E'
ac_cv_path_FGREP='/bin/grep -F'
ac_cv_path_GREP=/bin/grep
ac_cv_path_PERL=/usr/bin/perl
ac_cv_path_SED=/bin/sed
ac_cv_path_install='/usr/bin/install -c'
ac_cv_path_mkdir=/bin/mkdir
ac_cv_prog_AWK=mawk
ac_cv_prog_CPP='gcc-4.8 -E'
ac_cv_prog_CXXCPP='g++-4.8 -E'
ac_cv_prog_ac_ct_AR=ar
ac_cv_prog_ac_ct_CC=gcc-4.8
ac_cv_prog_ac_ct_RANLIB=ranlib
ac_cv_prog_ac_ct_STRIP=strip
ac_cv_prog_cc_c89=
ac_cv_prog_cc_g=yes
ac_cv_prog_cxx_g=yes
ac_cv_prog_gcc_traditional=no
ac_cv_prog_make_make_set=yes
ac_cv_search_dlopen='none required'
ac_cv_sys_file_offset_bits=64
ac_cv_sys_largefile_CC=no
ac_cv_sys_largefile_source=no
ac_cv_type__Bool=yes
ac_cv_type_mode_t=yes
ac_cv_type_off_t=yes
ac_cv_type_size_t=yes
ac_cv_type_uid_t=yes
ac_cv_working_alloca_h=yes
am_cv_CC_dependencies_compiler_type=gcc3
am_cv_CXX_dependencies_compiler_type=gcc3
lt_cv_deplibs_check_method=pass_all
lt_cv_file_magic_cmd='$MAGIC_CMD'
lt_cv_file_magic_test_file=
lt_cv_ld_reload_flag=-r
lt_cv_nm_interface='BSD nm'
lt_cv_objdir=.libs
lt_cv_path_LD=gcc-4.8
lt_cv_path_LDCXX='gcc-4.8 -m elf_i386'
lt_cv_path_NM='/usr/bin/nm -B'
lt_cv_prog_compiler_c_o=yes
lt_cv_prog_compiler_c_o_CXX=yes
lt_cv_prog_compiler_pic_works=yes
lt_cv_prog_compiler_pic_works_CXX=yes
lt_cv_prog_compiler_rtti_exceptions=no
lt_cv_prog_compiler_static_works=yes
lt_cv_prog_compiler_static_works_CXX=yes
lt_cv_prog_gnu_ld=no
lt_cv_prog_gnu_ldcxx=no
lt_cv_sys_global_symbol_pipe='sed -n -e '\''s/^.*[	 ]\([ABCDGIRSTW][ABCDGIRSTW]*\)[	 ][	 ]*\([_A-Za-z][_A-Za-z0-9]*\)$/\1 \2 \2/p'\'''
lt_cv_sys_global_symbol_to_c_name_address='sed -n -e '\''s/^: \([^ ]*\) $/  {\"\1\", (void *) 0},/p'\'' -e '\''s/^[ABCDGIRSTW]* \([^ ]*\) \([^ ]*\)$/  {"\2", (void *) \&\2},/p'\'''
lt_cv_sys_global_symbol_to_c_name_address_lib_prefix='sed -n -e '\''s/^: \([^ ]*\) $/  {\"\1\", (void *) 0},/p'\'' -e '\''s/^[ABCDGIRSTW]* \([^ ]*\) \(lib[^ ]*\)$/  {"\2", (void *) \&\2},/p'\'' -e '\''s/^[ABCDGIRSTW]* \([^ ]*\) \([^ ]*\)$/  {"lib\2", (void *) \&\2},/p'\'''
lt_cv_sys_global_symbol_to_cdecl='sed -n -e '\''s/^T .* \(.*\)$/extern int \1();/p'\'' -e '\''s/^[ABCDGIRSTW]* .* \(.*\)$/extern char \1;/p'\'''
lt_cv_sys_max_cmd_len=1572864

## ----------------- ##
## Output variables. ##
## ----------------- ##

ACLOCAL='${SHELL} /home/developer/android_source/external/droidscope/DECAF_shared/sleuthkit/config/missing --run aclocal-1.10'
ALLOCA=''
AMDEPBACKSLASH='\'
AMDEP_FALSE='#'
AMDEP_TRUE=''
AMTAR='${SHELL} /home/developer/android_source/external/droidscope/DECAF_shared/sleuthkit/config/missing --run tar'
ANT_FOUND=''
AR='ar'
AUTOCONF='${SHELL} /home/developer/android_source/external/droidscope/DECAF_shared/sleuthkit/config/missing --run autoconf'
AUTOHEADER='${SHELL} /home/developer/android_source/external/droidscope/DECAF_shared/sleuthkit/config/missing --run autoheader'
AUTOMAKE='${SHELL} /home/developer/android_source/external/droidscope/DECAF_shared/sleuthkit/config/missing --run automake-1.10'
AWK='mawk'
CC='gcc-4.8'
CCDEPMODE='depmode=gcc3'
CFLAGS='-m32'
CPP='gcc-4.8 -E'
CPPFLAGS=' -pthread -I/usr/local/include'
CPPUNIT_CFLAGS=''
CPPUNIT_CONFIG='no'
CPPUNIT_FALSE=''
CPPUNIT_LIBS=''
CPPUNIT_TRUE='#'
CXX='g++-4.8'
CXXCPP='g++-4.8 -E'
CXXDEPMODE='depmode=gcc3'
CXXFLAGS='-m32'
CYGPATH_W='echo'
DEFS='-DHAVE_CONFIG_H'
DEPDIR='.deps'
DSYMUTIL=''
DUMPBIN=''
ECHO_C=''
ECHO_N='-n'
ECHO_T=''
EGREP='/bin/grep -E'
EXEEXT=''
FGREP='/bin/grep -F'
GREP='/bin/grep'
INSTALL_DATA='${INSTALL} -m 644'
INSTALL_PROGRAM='${INSTALL}'
INSTALL_SCRIPT='${INSTALL}'
INSTALL_STRIP_PROGRAM='$(install_sh) -c -s'
JAVA=''
JAVAC=''
JNI_CPPFLAGS=''
LD='gcc-4.8 -m elf_i386'
LDFLAGS='-m32 -pthread -L/usr/local/lib'
LIBOBJS=''
LIBS='-ldl -lz -ldl -lstdc++ '
LIBTOOL='$(SHELL) $(top_builddir)/libtool'
LIPO=''
LN_S='ln -s'
LTLIBOBJS=''
MAINT='#'
MAINTAINER_MODE_FALSE=''
MAINTAINER_MODE_TRUE='#'
MAKEINFO='${SHELL} /home/developer/android_source/external/droidscope/DECAF_shared/sleuthkit/config/missing --run makeinfo'
NM='/usr/bin/nm -B'
NMEDIT=''
OBJEXT='o'
OTOOL64=''
OTOOL=''
PACKAGE='sleuthkit'
PACKAGE_BUGREPORT=''
PACKAGE_NAME='sleuthkit'
PACKAGE_STRING='sleuthkit 4.1.3'
PACKAGE_TARNAME='sleuthkit'
PACKAGE_VERSION='4.1.3'
PATH_SEPARATOR=':'
PERL='/usr/bin/perl'
PTHREAD_CC='gcc-4.8'
PTHREAD_CFLAGS='-pthread'
PTHREAD_LIBS=''
RANLIB='ranlib'
SED='/bin/sed'
SET_MAKE=''
SHELL='/bin/bash'
STRIP='strip'
VERSION='4.1.3'
X_JNI_FALSE=''
X_JNI_TRUE='#'
_ACJNI_JAVAC=''
ac_ct_CC='gcc-4.8'
ac_ct_CXX=''
ac_ct_DUMPBIN=''
am__fastdepCC_FALSE='#'
am__fastdepCC_TRUE=''
am__fastdepCXX_FALSE='#'
am__fastdepCXX_TRUE=''
am__include='include'
am__isrc=''
am__leading_dot='.'
am__quote=''
am__tar='${AMTAR} chof - "$$tardir"'
am__untar='${AMTAR} xf -'
ax_pthread_config=''
bindir='${exec_prefix}/bin'
build='x86_64-unknown-linux-gnu'
build_alias=''
build_cpu='x86_64'
build_os='linux-gnu'
build_vendor='unknown'
datadir='${datarootdir}'
datarootdir='${prefix}/share'
docdir='${datarootdir}/doc/${PACKAGE_TARNAME}'
dvidir='${docdir}'
exec_prefix='${prefix}'
host='x86_64-unknown-linux-gnu'
host_alias=''
host_cpu='x86_64'
host_os='linux-gnu'
host_vendor='unknown'
htmldir='${docdir}'
includedir='${prefix}/include'
infodir='${datarootdir}/info'
install_sh='$(SHELL) /home/developer/android_source/external/droidscope/DECAF_shared/sleuthkit/config/install-sh'
libdir='${exec_prefix}/lib'
libexecdir='${exec_prefix}/libexec'
localedir='${datarootdir}/locale'
localstatedir='${prefix}/var'
lt_ECHO='echo'
mandir='${datarootdir}/man'
mkdir_p='/bin/mkdir -p'
oldincludedir='/usr/include'
pdfdir='${docdir}'
prefix='/home/developer/android_source/external/droidscope/DECAF_shared/sleuthkit'
program_transform_name='s,x,x,'
psdir='${docdir}'
sbindir='${exec_prefix}/sbin'
sharedstatedir='${prefix}/com'
sysconfdir='${prefix}/etc'
target_alias=''
uudecode=''

## ----------- ##
## confdefs.h. ##
## ----------- ##

#define PACKAGE_NAME "sleuthkit"
#define PACKAGE_TARNAME "sleuthkit"
#define PACKAGE_VERSION "4.1.3"
#define PACKAGE_STRING "sleuthkit 4.1.3"
#define PACKAGE_BUGREPORT ""
#define PACKAGE "sleuthkit"
#define VERSION "4.1.3"
#define STDC_HEADERS 1
#define HAVE_SYS_TYPES_H 1
#define HAVE_SYS_STAT_H 1
#define HAVE_STDLIB_H 1
#define HAVE_STRING_H 1
#define HAVE_MEMORY_H 1
#define HAVE_STRINGS_H 1
#define HAVE_INTTYPES_H 1
#define HAVE_STDINT_H 1
#define HAVE_UNISTD_H 1
#define HAVE_DLFCN_H 1
#define LT_OBJDIR ".libs/"
#define STDC_HEADERS 1
#define HAVE_ERR_H 1
#define HAVE_INTTYPES_H 1
#define HAVE_UNISTD_H 1
#define HAVE_STDINT_H 1
#define HAVE_SYS_PARAM_H 1
#define HAVE_SYS_RESOURCE_H 1
#define HAVE__BOOL 1
#define HAVE_STDBOOL_H 1
#define _FILE_OFFSET_BITS 64
#define HAVE_ALLOCA_H 1
#define HAVE_ALLOCA 1
#define HAVE_FSEEKO 1
#define LSTAT_FOLLOWS_SLASHED_SYMLINK 1
#define LSTAT_FOLLOWS_SLASHED_SYMLINK 1
#define HAVE_SYS_SELECT_H 1
#define HAVE_SYS_SOCKET_H 1
#define SELECT_TYPE_ARG1 int
#define SELECT_TYPE_ARG234 (fd_set *)
#define SELECT_TYPE_ARG5 (struct timeval *)
#define HAVE_UTIME_H 1
#define HAVE_UTIME_NULL 1
#define HAVE_VPRINTF 1
#define HAVE_ERR 1
#define HAVE_ERRX 1
#define HAVE_WARN 1
#define HAVE_WARNX 1
#define HAVE_VASPRINTF 1
#define HAVE_GETRUSAGE 1
#define HAVE_PTHREAD 1
#define HAVE_LIBSTDC__ 1
#define HAVE_LIBDL 1
#define HAVE_ZLIB_H 1
#define HAVE_LIBZ 1
#define HAVE_LIBDL 1

configure: exit 0
